{"/home/yolisses/Modulee/modulee-frontend/playwright.config.ts": {"path":"/home/yolisses/Modulee/modulee-frontend/playwright.config.ts","all":true,"statementMap":{"0":{"start":{"line":1,"column":0},"end":{"line":1,"column":48}},"2":{"start":{"line":3,"column":0},"end":{"line":3,"column":29}},"3":{"start":{"line":4,"column":0},"end":{"line":4,"column":13}},"4":{"start":{"line":5,"column":0},"end":{"line":5,"column":46}},"5":{"start":{"line":6,"column":0},"end":{"line":6,"column":13}},"6":{"start":{"line":7,"column":0},"end":{"line":7,"column":3}},"8":{"start":{"line":9,"column":0},"end":{"line":9,"column":16}},"9":{"start":{"line":10,"column":0},"end":{"line":10,"column":3}}},"s":{"0":0,"2":0,"3":0,"4":0,"5":0,"6":0,"8":0,"9":0},"branchMap":{"0":{"type":"branch","line":1,"loc":{"start":{"line":1,"column":0},"end":{"line":10,"column":-98}},"locations":[{"start":{"line":1,"column":0},"end":{"line":10,"column":-98}}]}},"b":{"0":[0]},"fnMap":{"0":{"name":"(empty-report)","decl":{"start":{"line":1,"column":0},"end":{"line":10,"column":-98}},"loc":{"start":{"line":1,"column":0},"end":{"line":10,"column":-98}},"line":1}},"f":{"0":0}}
,"/home/yolisses/Modulee/modulee-frontend/postcss.config.js": {"path":"/home/yolisses/Modulee/modulee-frontend/postcss.config.js","all":true,"statementMap":{"0":{"start":{"line":1,"column":0},"end":{"line":1,"column":16}},"1":{"start":{"line":2,"column":0},"end":{"line":2,"column":11}},"2":{"start":{"line":3,"column":0},"end":{"line":3,"column":18}},"3":{"start":{"line":4,"column":0},"end":{"line":4,"column":19}},"4":{"start":{"line":5,"column":0},"end":{"line":5,"column":3}},"5":{"start":{"line":6,"column":0},"end":{"line":6,"column":2}}},"s":{"0":0,"1":0,"2":0,"3":0,"4":0,"5":0},"branchMap":{"0":{"type":"branch","line":1,"loc":{"start":{"line":1,"column":0},"end":{"line":6,"column":-10}},"locations":[{"start":{"line":1,"column":0},"end":{"line":6,"column":-10}}]}},"b":{"0":[0]},"fnMap":{"0":{"name":"(empty-report)","decl":{"start":{"line":1,"column":0},"end":{"line":6,"column":-10}},"loc":{"start":{"line":1,"column":0},"end":{"line":6,"column":-10}},"line":1}},"f":{"0":0}}
,"/home/yolisses/Modulee/modulee-frontend/svelte.config.js": {"path":"/home/yolisses/Modulee/modulee-frontend/svelte.config.js","all":true,"statementMap":{"0":{"start":{"line":1,"column":0},"end":{"line":1,"column":47}},"1":{"start":{"line":2,"column":0},"end":{"line":2,"column":62}},"2":{"start":{"line":3,"column":0},"end":{"line":3,"column":0}},"3":{"start":{"line":4,"column":0},"end":{"line":4,"column":45}},"4":{"start":{"line":5,"column":0},"end":{"line":5,"column":16}},"5":{"start":{"line":6,"column":0},"end":{"line":6,"column":52}},"6":{"start":{"line":7,"column":0},"end":{"line":7,"column":44}},"7":{"start":{"line":8,"column":0},"end":{"line":8,"column":30}},"8":{"start":{"line":9,"column":0},"end":{"line":9,"column":0}},"9":{"start":{"line":10,"column":0},"end":{"line":10,"column":7}},"10":{"start":{"line":11,"column":0},"end":{"line":11,"column":107}},"11":{"start":{"line":12,"column":0},"end":{"line":12,"column":108}},"12":{"start":{"line":13,"column":0},"end":{"line":13,"column":82}},"13":{"start":{"line":14,"column":0},"end":{"line":14,"column":21}},"14":{"start":{"line":15,"column":0},"end":{"line":15,"column":0}},"15":{"start":{"line":16,"column":0},"end":{"line":16,"column":10}},"16":{"start":{"line":17,"column":0},"end":{"line":17,"column":19}},"17":{"start":{"line":18,"column":0},"end":{"line":18,"column":4}},"18":{"start":{"line":19,"column":0},"end":{"line":19,"column":3}},"19":{"start":{"line":20,"column":0},"end":{"line":20,"column":2}},"20":{"start":{"line":21,"column":0},"end":{"line":21,"column":0}},"21":{"start":{"line":22,"column":0},"end":{"line":22,"column":22}}},"s":{"0":0,"1":0,"2":0,"3":0,"4":0,"5":0,"6":0,"7":0,"8":0,"9":0,"10":0,"11":0,"12":0,"13":0,"14":0,"15":0,"16":0,"17":0,"18":0,"19":0,"20":0,"21":0},"branchMap":{"0":{"type":"branch","line":1,"loc":{"start":{"line":1,"column":0},"end":{"line":22,"column":-133}},"locations":[{"start":{"line":1,"column":0},"end":{"line":22,"column":-133}}]}},"b":{"0":[0]},"fnMap":{"0":{"name":"(empty-report)","decl":{"start":{"line":1,"column":0},"end":{"line":22,"column":-133}},"loc":{"start":{"line":1,"column":0},"end":{"line":22,"column":-133}},"line":1}},"f":{"0":0}}
,"/home/yolisses/Modulee/modulee-frontend/tailwind.config.ts": {"path":"/home/yolisses/Modulee/modulee-frontend/tailwind.config.ts","all":true,"statementMap":{"2":{"start":{"line":3,"column":0},"end":{"line":3,"column":16}},"3":{"start":{"line":4,"column":0},"end":{"line":4,"column":45}},"5":{"start":{"line":6,"column":0},"end":{"line":6,"column":9}},"6":{"start":{"line":7,"column":0},"end":{"line":7,"column":13}},"7":{"start":{"line":8,"column":0},"end":{"line":8,"column":3}},"9":{"start":{"line":10,"column":0},"end":{"line":10,"column":13}},"10":{"start":{"line":11,"column":0},"end":{"line":11,"column":19}}},"s":{"2":0,"3":0,"5":0,"6":0,"7":0,"9":0,"10":0},"branchMap":{"0":{"type":"branch","line":1,"loc":{"start":{"line":1,"column":170},"end":{"line":11,"column":19}},"locations":[{"start":{"line":1,"column":170},"end":{"line":11,"column":19}}]}},"b":{"0":[1]},"fnMap":{"0":{"name":"(empty-report)","decl":{"start":{"line":1,"column":170},"end":{"line":11,"column":19}},"loc":{"start":{"line":1,"column":170},"end":{"line":11,"column":19}},"line":1}},"f":{"0":1}}
,"/home/yolisses/Modulee/modulee-frontend/src/lib/array/HasId.ts": {"path":"/home/yolisses/Modulee/modulee-frontend/src/lib/array/HasId.ts","all":true,"statementMap":{},"s":{},"branchMap":{"0":{"type":"branch","line":1,"loc":{"start":{"line":1,"column":37},"end":{"line":3,"column":2}},"locations":[{"start":{"line":1,"column":37},"end":{"line":3,"column":2}}]}},"b":{"0":[1]},"fnMap":{"0":{"name":"(empty-report)","decl":{"start":{"line":1,"column":37},"end":{"line":3,"column":2}},"loc":{"start":{"line":1,"column":37},"end":{"line":3,"column":2}},"line":1}},"f":{"0":1}}
,"/home/yolisses/Modulee/modulee-frontend/src/lib/array/Item.ts": {"path":"/home/yolisses/Modulee/modulee-frontend/src/lib/array/Item.ts","all":true,"statementMap":{},"s":{},"branchMap":{"0":{"type":"branch","line":1,"loc":{"start":{"line":1,"column":53},"end":{"line":4,"column":1}},"locations":[{"start":{"line":1,"column":53},"end":{"line":4,"column":1}}]}},"b":{"0":[1]},"fnMap":{"0":{"name":"(empty-report)","decl":{"start":{"line":1,"column":53},"end":{"line":4,"column":1}},"loc":{"start":{"line":1,"column":53},"end":{"line":4,"column":1}},"line":1}},"f":{"0":1}}
,"/home/yolisses/Modulee/modulee-frontend/src/lib/array/findById.ts": {"path":"/home/yolisses/Modulee/modulee-frontend/src/lib/array/findById.ts","all":false,"statementMap":{"2":{"start":{"line":3,"column":0},"end":{"line":3,"column":67}},"3":{"start":{"line":4,"column":0},"end":{"line":4,"column":51}},"4":{"start":{"line":5,"column":0},"end":{"line":5,"column":13}},"5":{"start":{"line":6,"column":0},"end":{"line":6,"column":47}},"6":{"start":{"line":7,"column":0},"end":{"line":7,"column":2}},"7":{"start":{"line":8,"column":0},"end":{"line":8,"column":13}},"8":{"start":{"line":9,"column":0},"end":{"line":9,"column":1}}},"s":{"2":1,"3":2,"4":2,"5":1,"6":1,"7":1,"8":1},"branchMap":{"0":{"type":"branch","line":3,"loc":{"start":{"line":3,"column":7},"end":{"line":9,"column":1}},"locations":[{"start":{"line":3,"column":7},"end":{"line":9,"column":1}}]},"1":{"type":"branch","line":5,"loc":{"start":{"line":5,"column":12},"end":{"line":9,"column":1}},"locations":[{"start":{"line":5,"column":12},"end":{"line":9,"column":1}}]},"2":{"type":"branch","line":4,"loc":{"start":{"line":4,"column":25},"end":{"line":4,"column":49}},"locations":[{"start":{"line":4,"column":25},"end":{"line":4,"column":49}}]}},"b":{"0":[2],"1":[1],"2":[5]},"fnMap":{"0":{"name":"findById","decl":{"start":{"line":3,"column":7},"end":{"line":9,"column":1}},"loc":{"start":{"line":3,"column":7},"end":{"line":9,"column":1}},"line":3}},"f":{"0":2}}
,"/home/yolisses/Modulee/modulee-frontend/src/lib/array/findOrNullById.ts": {"path":"/home/yolisses/Modulee/modulee-frontend/src/lib/array/findOrNullById.ts","all":false,"statementMap":{"2":{"start":{"line":3,"column":0},"end":{"line":3,"column":73}},"3":{"start":{"line":4,"column":0},"end":{"line":4,"column":51}},"4":{"start":{"line":5,"column":0},"end":{"line":5,"column":13}},"5":{"start":{"line":6,"column":0},"end":{"line":6,"column":14}},"6":{"start":{"line":7,"column":0},"end":{"line":7,"column":2}},"7":{"start":{"line":8,"column":0},"end":{"line":8,"column":13}},"8":{"start":{"line":9,"column":0},"end":{"line":9,"column":1}}},"s":{"2":1,"3":2,"4":2,"5":1,"6":1,"7":1,"8":1},"branchMap":{"0":{"type":"branch","line":3,"loc":{"start":{"line":3,"column":7},"end":{"line":9,"column":1}},"locations":[{"start":{"line":3,"column":7},"end":{"line":9,"column":1}}]},"1":{"type":"branch","line":5,"loc":{"start":{"line":5,"column":12},"end":{"line":9,"column":1}},"locations":[{"start":{"line":5,"column":12},"end":{"line":9,"column":1}}]},"2":{"type":"branch","line":4,"loc":{"start":{"line":4,"column":25},"end":{"line":4,"column":49}},"locations":[{"start":{"line":4,"column":25},"end":{"line":4,"column":49}}]}},"b":{"0":[2],"1":[1],"2":[5]},"fnMap":{"0":{"name":"findOrNullById","decl":{"start":{"line":3,"column":7},"end":{"line":9,"column":1}},"loc":{"start":{"line":3,"column":7},"end":{"line":9,"column":1}},"line":3}},"f":{"0":2}}
,"/home/yolisses/Modulee/modulee-frontend/src/lib/array/reinsert.ts": {"path":"/home/yolisses/Modulee/modulee-frontend/src/lib/array/reinsert.ts","all":false,"statementMap":{"2":{"start":{"line":3,"column":0},"end":{"line":3,"column":64}},"3":{"start":{"line":4,"column":0},"end":{"line":4,"column":48}},"4":{"start":{"line":5,"column":0},"end":{"line":5,"column":1}}},"s":{"2":1,"3":1,"4":1},"branchMap":{"0":{"type":"branch","line":3,"loc":{"start":{"line":3,"column":7},"end":{"line":5,"column":1}},"locations":[{"start":{"line":3,"column":7},"end":{"line":5,"column":1}}]}},"b":{"0":[1]},"fnMap":{"0":{"name":"reinsert","decl":{"start":{"line":3,"column":7},"end":{"line":5,"column":1}},"loc":{"start":{"line":3,"column":7},"end":{"line":5,"column":1}},"line":3}},"f":{"0":1}}
,"/home/yolisses/Modulee/modulee-frontend/src/lib/array/remotion.ts": {"path":"/home/yolisses/Modulee/modulee-frontend/src/lib/array/remotion.ts","all":true,"statementMap":{},"s":{},"branchMap":{"0":{"type":"branch","line":1,"loc":{"start":{"line":1,"column":56},"end":{"line":4,"column":2}},"locations":[{"start":{"line":1,"column":56},"end":{"line":4,"column":2}}]}},"b":{"0":[1]},"fnMap":{"0":{"name":"(empty-report)","decl":{"start":{"line":1,"column":56},"end":{"line":4,"column":2}},"loc":{"start":{"line":1,"column":56},"end":{"line":4,"column":2}},"line":1}},"f":{"0":1}}
,"/home/yolisses/Modulee/modulee-frontend/src/lib/array/removeByCondition.ts": {"path":"/home/yolisses/Modulee/modulee-frontend/src/lib/array/removeByCondition.ts","all":false,"statementMap":{"7":{"start":{"line":8,"column":0},"end":{"line":8,"column":98}},"8":{"start":{"line":9,"column":0},"end":{"line":9,"column":36}},"11":{"start":{"line":12,"column":0},"end":{"line":12,"column":46}},"12":{"start":{"line":13,"column":0},"end":{"line":13,"column":31}},"13":{"start":{"line":14,"column":0},"end":{"line":14,"column":44}},"14":{"start":{"line":15,"column":0},"end":{"line":15,"column":50}},"15":{"start":{"line":16,"column":0},"end":{"line":16,"column":3}},"16":{"start":{"line":17,"column":0},"end":{"line":17,"column":2}},"18":{"start":{"line":19,"column":0},"end":{"line":19,"column":30}},"19":{"start":{"line":20,"column":0},"end":{"line":20,"column":1}}},"s":{"7":1,"8":1,"11":1,"12":3,"13":2,"14":2,"15":2,"16":3,"18":1,"19":1},"branchMap":{"0":{"type":"branch","line":8,"loc":{"start":{"line":8,"column":7},"end":{"line":20,"column":1}},"locations":[{"start":{"line":8,"column":7},"end":{"line":20,"column":1}}]},"1":{"type":"branch","line":12,"loc":{"start":{"line":12,"column":45},"end":{"line":17,"column":2}},"locations":[{"start":{"line":12,"column":45},"end":{"line":17,"column":2}}]},"2":{"type":"branch","line":13,"loc":{"start":{"line":13,"column":30},"end":{"line":16,"column":3}},"locations":[{"start":{"line":13,"column":30},"end":{"line":16,"column":3}}]}},"b":{"0":[1],"1":[3],"2":[2]},"fnMap":{"0":{"name":"removeByCondition","decl":{"start":{"line":8,"column":7},"end":{"line":20,"column":1}},"loc":{"start":{"line":8,"column":7},"end":{"line":20,"column":1}},"line":8}},"f":{"0":1}}
,"/home/yolisses/Modulee/modulee-frontend/src/lib/array/removeById.ts": {"path":"/home/yolisses/Modulee/modulee-frontend/src/lib/array/removeById.ts","all":false,"statementMap":{"0":{"start":{"line":1,"column":0},"end":{"line":1,"column":37}},"4":{"start":{"line":5,"column":0},"end":{"line":5,"column":82}},"5":{"start":{"line":6,"column":0},"end":{"line":6,"column":42}},"6":{"start":{"line":7,"column":0},"end":{"line":7,"column":23}},"7":{"start":{"line":8,"column":0},"end":{"line":8,"column":4}},"8":{"start":{"line":9,"column":0},"end":{"line":9,"column":20}},"9":{"start":{"line":10,"column":0},"end":{"line":10,"column":36}},"10":{"start":{"line":11,"column":0},"end":{"line":11,"column":2}},"11":{"start":{"line":12,"column":0},"end":{"line":12,"column":36}},"12":{"start":{"line":13,"column":0},"end":{"line":13,"column":1}}},"s":{"0":1,"4":1,"5":3,"6":6,"7":3,"8":3,"9":1,"10":1,"11":2,"12":2},"branchMap":{"0":{"type":"branch","line":5,"loc":{"start":{"line":5,"column":7},"end":{"line":13,"column":1}},"locations":[{"start":{"line":5,"column":7},"end":{"line":13,"column":1}}]},"1":{"type":"branch","line":9,"loc":{"start":{"line":9,"column":19},"end":{"line":13,"column":1}},"locations":[{"start":{"line":9,"column":19},"end":{"line":13,"column":1}}]},"2":{"type":"branch","line":9,"loc":{"start":{"line":9,"column":19},"end":{"line":11,"column":2}},"locations":[{"start":{"line":9,"column":19},"end":{"line":11,"column":2}}]},"3":{"type":"branch","line":6,"loc":{"start":{"line":6,"column":31},"end":{"line":8,"column":2}},"locations":[{"start":{"line":6,"column":31},"end":{"line":8,"column":2}}]}},"b":{"0":[3],"1":[2],"2":[1],"3":[6]},"fnMap":{"0":{"name":"removeById","decl":{"start":{"line":5,"column":7},"end":{"line":13,"column":1}},"loc":{"start":{"line":5,"column":7},"end":{"line":13,"column":1}},"line":5}},"f":{"0":3}}
,"/home/yolisses/Modulee/modulee-frontend/src/lib/array/removeByIndex.ts": {"path":"/home/yolisses/Modulee/modulee-frontend/src/lib/array/removeByIndex.ts","all":false,"statementMap":{"2":{"start":{"line":3,"column":0},"end":{"line":3,"column":74}},"3":{"start":{"line":4,"column":0},"end":{"line":4,"column":42}},"4":{"start":{"line":5,"column":0},"end":{"line":5,"column":40}},"5":{"start":{"line":6,"column":0},"end":{"line":6,"column":2}},"7":{"start":{"line":8,"column":0},"end":{"line":8,"column":27}},"8":{"start":{"line":9,"column":0},"end":{"line":9,"column":24}},"10":{"start":{"line":11,"column":0},"end":{"line":11,"column":24}},"11":{"start":{"line":12,"column":0},"end":{"line":12,"column":1}}},"s":{"2":1,"3":5,"4":2,"5":2,"7":3,"8":3,"10":3,"11":3},"branchMap":{"0":{"type":"branch","line":3,"loc":{"start":{"line":3,"column":7},"end":{"line":12,"column":1}},"locations":[{"start":{"line":3,"column":7},"end":{"line":12,"column":1}}]},"1":{"type":"branch","line":4,"loc":{"start":{"line":4,"column":13},"end":{"line":4,"column":41}},"locations":[{"start":{"line":4,"column":13},"end":{"line":4,"column":41}}]},"2":{"type":"branch","line":4,"loc":{"start":{"line":4,"column":41},"end":{"line":12,"column":1}},"locations":[{"start":{"line":4,"column":41},"end":{"line":12,"column":1}}]},"3":{"type":"branch","line":4,"loc":{"start":{"line":4,"column":41},"end":{"line":6,"column":2}},"locations":[{"start":{"line":4,"column":41},"end":{"line":6,"column":2}}]}},"b":{"0":[5],"1":[4],"2":[3],"3":[2]},"fnMap":{"0":{"name":"removeByIndex","decl":{"start":{"line":3,"column":7},"end":{"line":12,"column":1}},"loc":{"start":{"line":3,"column":7},"end":{"line":12,"column":1}},"line":3}},"f":{"0":5}}
,"/home/yolisses/Modulee/modulee-frontend/src/lib/audio/MuteButton.svelte": {"path":"/home/yolisses/Modulee/modulee-frontend/src/lib/audio/MuteButton.svelte","all":true,"statementMap":{"0":{"start":{"line":1,"column":0},"end":{"line":1,"column":18}},"8":{"start":{"line":9,"column":0},"end":{"line":9,"column":44}},"9":{"start":{"line":10,"column":0},"end":{"line":10,"column":46}},"11":{"start":{"line":12,"column":0},"end":{"line":12,"column":25}},"12":{"start":{"line":13,"column":0},"end":{"line":13,"column":56}},"13":{"start":{"line":14,"column":0},"end":{"line":14,"column":50}},"14":{"start":{"line":15,"column":0},"end":{"line":15,"column":2}},"16":{"start":{"line":17,"column":0},"end":{"line":17,"column":85}},"21":{"start":{"line":22,"column":0},"end":{"line":22,"column":22}},"22":{"start":{"line":23,"column":0},"end":{"line":23,"column":44}},"23":{"start":{"line":24,"column":0},"end":{"line":24,"column":76}},"25":{"start":{"line":26,"column":0},"end":{"line":26,"column":68}}},"s":{"0":0,"8":0,"9":0,"11":0,"12":0,"13":0,"14":0,"16":0,"21":0,"22":0,"23":0,"25":0},"branchMap":{"0":{"type":"branch","line":1,"loc":{"start":{"line":1,"column":1047},"end":{"line":27,"column":9}},"locations":[{"start":{"line":1,"column":1047},"end":{"line":27,"column":9}}]}},"b":{"0":[0]},"fnMap":{"0":{"name":"(empty-report)","decl":{"start":{"line":1,"column":1047},"end":{"line":27,"column":9}},"loc":{"start":{"line":1,"column":1047},"end":{"line":27,"column":9}},"line":1}},"f":{"0":0}}
,"/home/yolisses/Modulee/modulee-frontend/src/lib/commands/EditorCommandClass.ts": {"path":"/home/yolisses/Modulee/modulee-frontend/src/lib/commands/EditorCommandClass.ts","all":true,"statementMap":{},"s":{},"branchMap":{"0":{"type":"branch","line":1,"loc":{"start":{"line":1,"column":337},"end":{"line":8,"column":93}},"locations":[{"start":{"line":1,"column":337},"end":{"line":8,"column":93}}]}},"b":{"0":[1]},"fnMap":{"0":{"name":"(empty-report)","decl":{"start":{"line":1,"column":337},"end":{"line":8,"column":93}},"loc":{"start":{"line":1,"column":337},"end":{"line":8,"column":93}},"line":1}},"f":{"0":1}}
,"/home/yolisses/Modulee/modulee-frontend/src/lib/commands/createEditorCommand.ts": {"path":"/home/yolisses/Modulee/modulee-frontend/src/lib/commands/createEditorCommand.ts","all":true,"statementMap":{"0":{"start":{"line":1,"column":0},"end":{"line":1,"column":71}},"3":{"start":{"line":4,"column":0},"end":{"line":4,"column":75}},"4":{"start":{"line":5,"column":0},"end":{"line":5,"column":72}},"6":{"start":{"line":7,"column":0},"end":{"line":7,"column":59}},"7":{"start":{"line":8,"column":0},"end":{"line":8,"column":53}},"8":{"start":{"line":9,"column":0},"end":{"line":9,"column":16}},"9":{"start":{"line":10,"column":0},"end":{"line":10,"column":1}}},"s":{"0":0,"3":0,"4":0,"6":0,"7":0,"8":0,"9":0},"branchMap":{"0":{"type":"branch","line":1,"loc":{"start":{"line":1,"column":493},"end":{"line":10,"column":1}},"locations":[{"start":{"line":1,"column":493},"end":{"line":10,"column":1}}]}},"b":{"0":[0]},"fnMap":{"0":{"name":"(empty-report)","decl":{"start":{"line":1,"column":493},"end":{"line":10,"column":1}},"loc":{"start":{"line":1,"column":493},"end":{"line":10,"column":1}},"line":1}},"f":{"0":0}}
,"/home/yolisses/Modulee/modulee-frontend/src/lib/commands/editorCommandClasses.ts": {"path":"/home/yolisses/Modulee/modulee-frontend/src/lib/commands/editorCommandClasses.ts","all":true,"statementMap":{"0":{"start":{"line":1,"column":0},"end":{"line":1,"column":63}},"17":{"start":{"line":18,"column":0},"end":{"line":18,"column":37}},"18":{"start":{"line":19,"column":0},"end":{"line":19,"column":13}},"19":{"start":{"line":20,"column":0},"end":{"line":20,"column":13}},"20":{"start":{"line":21,"column":0},"end":{"line":21,"column":16}},"21":{"start":{"line":22,"column":0},"end":{"line":22,"column":26}},"22":{"start":{"line":23,"column":0},"end":{"line":23,"column":17}},"23":{"start":{"line":24,"column":0},"end":{"line":24,"column":18}},"24":{"start":{"line":25,"column":0},"end":{"line":25,"column":19}},"25":{"start":{"line":26,"column":0},"end":{"line":26,"column":19}},"26":{"start":{"line":27,"column":0},"end":{"line":27,"column":19}},"27":{"start":{"line":28,"column":0},"end":{"line":28,"column":29}},"28":{"start":{"line":29,"column":0},"end":{"line":29,"column":20}},"29":{"start":{"line":30,"column":0},"end":{"line":30,"column":29}},"30":{"start":{"line":31,"column":0},"end":{"line":31,"column":22}},"31":{"start":{"line":32,"column":0},"end":{"line":32,"column":29}},"32":{"start":{"line":33,"column":0},"end":{"line":33,"column":37}},"33":{"start":{"line":34,"column":0},"end":{"line":34,"column":26}}},"s":{"0":0,"17":0,"18":0,"19":0,"20":0,"21":0,"22":0,"23":0,"24":0,"25":0,"26":0,"27":0,"28":0,"29":0,"30":0,"31":0,"32":0,"33":0},"branchMap":{"0":{"type":"branch","line":1,"loc":{"start":{"line":1,"column":1538},"end":{"line":34,"column":26}},"locations":[{"start":{"line":1,"column":1538},"end":{"line":34,"column":26}}]}},"b":{"0":[0]},"fnMap":{"0":{"name":"(empty-report)","decl":{"start":{"line":1,"column":1538},"end":{"line":34,"column":26}},"loc":{"start":{"line":1,"column":1538},"end":{"line":34,"column":26}},"line":1}},"f":{"0":0}}
,"/home/yolisses/Modulee/modulee-frontend/src/lib/commands/editorCommandClassesByType.ts": {"path":"/home/yolisses/Modulee/modulee-frontend/src/lib/commands/editorCommandClassesByType.ts","all":true,"statementMap":{"0":{"start":{"line":1,"column":0},"end":{"line":1,"column":75}},"4":{"start":{"line":5,"column":0},"end":{"line":5,"column":86}},"6":{"start":{"line":7,"column":0},"end":{"line":7,"column":48}},"7":{"start":{"line":8,"column":0},"end":{"line":8,"column":62}},"8":{"start":{"line":9,"column":0},"end":{"line":9,"column":3}}},"s":{"0":0,"4":0,"6":0,"7":0,"8":0},"branchMap":{"0":{"type":"branch","line":1,"loc":{"start":{"line":1,"column":0},"end":{"line":9,"column":-65}},"locations":[{"start":{"line":1,"column":0},"end":{"line":9,"column":-65}}]}},"b":{"0":[0]},"fnMap":{"0":{"name":"(empty-report)","decl":{"start":{"line":1,"column":0},"end":{"line":9,"column":-65}},"loc":{"start":{"line":1,"column":0},"end":{"line":9,"column":-65}},"line":1}},"f":{"0":0}}
,"/home/yolisses/Modulee/modulee-frontend/src/lib/commands/editorCommandNames.ts": {"path":"/home/yolisses/Modulee/modulee-frontend/src/lib/commands/editorCommandNames.ts","all":true,"statementMap":{"4":{"start":{"line":5,"column":0},"end":{"line":5,"column":59}},"5":{"start":{"line":6,"column":0},"end":{"line":6,"column":34}},"6":{"start":{"line":7,"column":0},"end":{"line":7,"column":34}},"7":{"start":{"line":8,"column":0},"end":{"line":8,"column":28}},"8":{"start":{"line":9,"column":0},"end":{"line":9,"column":48}},"9":{"start":{"line":10,"column":0},"end":{"line":10,"column":30}},"10":{"start":{"line":11,"column":0},"end":{"line":11,"column":32}},"11":{"start":{"line":12,"column":0},"end":{"line":12,"column":38}},"12":{"start":{"line":13,"column":0},"end":{"line":13,"column":52}},"13":{"start":{"line":14,"column":0},"end":{"line":14,"column":34}},"14":{"start":{"line":15,"column":0},"end":{"line":15,"column":54}},"15":{"start":{"line":16,"column":0},"end":{"line":16,"column":54}},"16":{"start":{"line":17,"column":0},"end":{"line":17,"column":38}},"17":{"start":{"line":18,"column":0},"end":{"line":18,"column":56}},"18":{"start":{"line":19,"column":0},"end":{"line":19,"column":82}},"19":{"start":{"line":20,"column":0},"end":{"line":20,"column":2}}},"s":{"4":0,"5":0,"6":0,"7":0,"8":0,"9":0,"10":0,"11":0,"12":0,"13":0,"14":0,"15":0,"16":0,"17":0,"18":0,"19":0},"branchMap":{"0":{"type":"branch","line":1,"loc":{"start":{"line":1,"column":874},"end":{"line":20,"column":2}},"locations":[{"start":{"line":1,"column":874},"end":{"line":20,"column":2}}]}},"b":{"0":[1]},"fnMap":{"0":{"name":"(empty-report)","decl":{"start":{"line":1,"column":874},"end":{"line":20,"column":2}},"loc":{"start":{"line":1,"column":874},"end":{"line":20,"column":2}},"line":1}},"f":{"0":1}}
,"/home/yolisses/Modulee/modulee-frontend/src/lib/commands/connection/DisconnectCommand.ts": {"path":"/home/yolisses/Modulee/modulee-frontend/src/lib/commands/connection/DisconnectCommand.ts","all":false,"statementMap":{"0":{"start":{"line":1,"column":0},"end":{"line":1,"column":63}},"6":{"start":{"line":7,"column":0},"end":{"line":7,"column":54}},"8":{"start":{"line":9,"column":0},"end":{"line":9,"column":4}},"9":{"start":{"line":10,"column":0},"end":{"line":10,"column":35}},"11":{"start":{"line":12,"column":0},"end":{"line":12,"column":36}},"13":{"start":{"line":14,"column":0},"end":{"line":14,"column":46}},"14":{"start":{"line":15,"column":0},"end":{"line":15,"column":88}},"15":{"start":{"line":16,"column":0},"end":{"line":16,"column":75}},"16":{"start":{"line":17,"column":0},"end":{"line":17,"column":4}},"17":{"start":{"line":18,"column":0},"end":{"line":18,"column":2}},"19":{"start":{"line":20,"column":0},"end":{"line":20,"column":43}},"20":{"start":{"line":21,"column":0},"end":{"line":21,"column":52}},"21":{"start":{"line":22,"column":0},"end":{"line":22,"column":49}},"22":{"start":{"line":23,"column":0},"end":{"line":23,"column":5}},"23":{"start":{"line":24,"column":0},"end":{"line":24,"column":2}},"24":{"start":{"line":25,"column":0},"end":{"line":25,"column":1}}},"s":{"0":1,"6":1,"8":1,"9":5,"11":5,"13":5,"14":3,"15":2,"16":3,"17":3,"19":5,"20":3,"21":2,"22":3,"23":3,"24":5},"branchMap":{"0":{"type":"branch","line":9,"loc":{"start":{"line":9,"column":3},"end":{"line":25,"column":1}},"locations":[{"start":{"line":9,"column":3},"end":{"line":25,"column":1}}]},"1":{"type":"branch","line":14,"loc":{"start":{"line":14,"column":1},"end":{"line":18,"column":2}},"locations":[{"start":{"line":14,"column":1},"end":{"line":18,"column":2}}]},"2":{"type":"branch","line":15,"loc":{"start":{"line":15,"column":69},"end":{"line":16,"column":75}},"locations":[{"start":{"line":15,"column":69},"end":{"line":16,"column":75}}]},"3":{"type":"branch","line":20,"loc":{"start":{"line":20,"column":1},"end":{"line":24,"column":2}},"locations":[{"start":{"line":20,"column":1},"end":{"line":24,"column":2}}]},"4":{"type":"branch","line":21,"loc":{"start":{"line":21,"column":31},"end":{"line":23,"column":3}},"locations":[{"start":{"line":21,"column":31},"end":{"line":23,"column":3}}]}},"b":{"0":[5],"1":[3],"2":[2],"3":[3],"4":[2]},"fnMap":{"0":{"name":"<instance_members_initializer>","decl":{"start":{"line":9,"column":3},"end":{"line":25,"column":1}},"loc":{"start":{"line":9,"column":3},"end":{"line":25,"column":1}},"line":9},"1":{"name":"execute","decl":{"start":{"line":14,"column":1},"end":{"line":18,"column":2}},"loc":{"start":{"line":14,"column":1},"end":{"line":18,"column":2}},"line":14},"2":{"name":"undo","decl":{"start":{"line":20,"column":1},"end":{"line":24,"column":2}},"loc":{"start":{"line":20,"column":1},"end":{"line":24,"column":2}},"line":20}},"f":{"0":5,"1":3,"2":3}}
,"/home/yolisses/Modulee/modulee-frontend/src/lib/commands/connection/SetConnectionCommand.ts": {"path":"/home/yolisses/Modulee/modulee-frontend/src/lib/commands/connection/SetConnectionCommand.ts","all":false,"statementMap":{"0":{"start":{"line":1,"column":0},"end":{"line":1,"column":52}},"7":{"start":{"line":8,"column":0},"end":{"line":8,"column":57}},"9":{"start":{"line":10,"column":0},"end":{"line":10,"column":4}},"10":{"start":{"line":11,"column":0},"end":{"line":11,"column":38}},"12":{"start":{"line":13,"column":0},"end":{"line":13,"column":39}},"13":{"start":{"line":14,"column":0},"end":{"line":14,"column":40}},"15":{"start":{"line":16,"column":0},"end":{"line":16,"column":46}},"16":{"start":{"line":17,"column":0},"end":{"line":17,"column":38}},"17":{"start":{"line":18,"column":0},"end":{"line":18,"column":49}},"18":{"start":{"line":19,"column":0},"end":{"line":19,"column":56}},"19":{"start":{"line":20,"column":0},"end":{"line":20,"column":4}},"20":{"start":{"line":21,"column":0},"end":{"line":21,"column":48}},"21":{"start":{"line":22,"column":0},"end":{"line":22,"column":57}},"22":{"start":{"line":23,"column":0},"end":{"line":23,"column":2}},"24":{"start":{"line":25,"column":0},"end":{"line":25,"column":43}},"25":{"start":{"line":26,"column":0},"end":{"line":26,"column":60}},"26":{"start":{"line":27,"column":0},"end":{"line":27,"column":45}},"27":{"start":{"line":28,"column":0},"end":{"line":28,"column":2}},"28":{"start":{"line":29,"column":0},"end":{"line":29,"column":1}}},"s":{"0":1,"7":1,"9":1,"10":1,"12":1,"13":1,"15":1,"16":2,"17":2,"18":2,"19":2,"20":2,"21":2,"22":2,"24":1,"25":2,"26":2,"27":2,"28":1},"branchMap":{"0":{"type":"branch","line":10,"loc":{"start":{"line":10,"column":3},"end":{"line":29,"column":1}},"locations":[{"start":{"line":10,"column":3},"end":{"line":29,"column":1}}]},"1":{"type":"branch","line":10,"loc":{"start":{"line":10,"column":3},"end":{"line":29,"column":1}},"locations":[{"start":{"line":10,"column":3},"end":{"line":29,"column":1}}]},"2":{"type":"branch","line":16,"loc":{"start":{"line":16,"column":1},"end":{"line":23,"column":2}},"locations":[{"start":{"line":16,"column":1},"end":{"line":23,"column":2}}]},"3":{"type":"branch","line":25,"loc":{"start":{"line":25,"column":1},"end":{"line":28,"column":2}},"locations":[{"start":{"line":25,"column":1},"end":{"line":28,"column":2}}]}},"b":{"0":[2],"1":[1],"2":[2],"3":[2]},"fnMap":{"0":{"name":"<instance_members_initializer>","decl":{"start":{"line":10,"column":3},"end":{"line":29,"column":1}},"loc":{"start":{"line":10,"column":3},"end":{"line":29,"column":1}},"line":10},"1":{"name":"<static_initializer>","decl":{"start":{"line":10,"column":3},"end":{"line":29,"column":1}},"loc":{"start":{"line":10,"column":3},"end":{"line":29,"column":1}},"line":10},"2":{"name":"execute","decl":{"start":{"line":16,"column":1},"end":{"line":23,"column":2}},"loc":{"start":{"line":16,"column":1},"end":{"line":23,"column":2}},"line":16},"3":{"name":"undo","decl":{"start":{"line":25,"column":1},"end":{"line":28,"column":2}},"loc":{"start":{"line":25,"column":1},"end":{"line":28,"column":2}},"line":25}},"f":{"0":2,"1":1,"2":2,"3":2}}
,"/home/yolisses/Modulee/modulee-frontend/src/lib/commands/editor/RedoCommand.ts": {"path":"/home/yolisses/Modulee/modulee-frontend/src/lib/commands/editor/RedoCommand.ts","all":true,"statementMap":{"0":{"start":{"line":1,"column":0},"end":{"line":1,"column":52}},"6":{"start":{"line":7,"column":0},"end":{"line":7,"column":48}},"8":{"start":{"line":9,"column":0},"end":{"line":9,"column":4}},"9":{"start":{"line":10,"column":0},"end":{"line":10,"column":29}},"11":{"start":{"line":12,"column":0},"end":{"line":12,"column":36}},"13":{"start":{"line":14,"column":0},"end":{"line":14,"column":70}},"14":{"start":{"line":15,"column":0},"end":{"line":15,"column":79}},"15":{"start":{"line":16,"column":0},"end":{"line":16,"column":37}},"16":{"start":{"line":17,"column":0},"end":{"line":17,"column":35}},"17":{"start":{"line":18,"column":0},"end":{"line":18,"column":45}},"18":{"start":{"line":19,"column":0},"end":{"line":19,"column":2}},"20":{"start":{"line":21,"column":0},"end":{"line":21,"column":15}},"21":{"start":{"line":22,"column":0},"end":{"line":22,"column":44}},"22":{"start":{"line":23,"column":0},"end":{"line":23,"column":2}},"23":{"start":{"line":24,"column":0},"end":{"line":24,"column":1}}},"s":{"0":0,"6":0,"8":0,"9":0,"11":0,"13":0,"14":0,"15":0,"16":0,"17":0,"18":0,"20":0,"21":0,"22":0,"23":0},"branchMap":{"0":{"type":"branch","line":1,"loc":{"start":{"line":1,"column":768},"end":{"line":24,"column":1}},"locations":[{"start":{"line":1,"column":768},"end":{"line":24,"column":1}}]}},"b":{"0":[0]},"fnMap":{"0":{"name":"(empty-report)","decl":{"start":{"line":1,"column":768},"end":{"line":24,"column":1}},"loc":{"start":{"line":1,"column":768},"end":{"line":24,"column":1}},"line":1}},"f":{"0":0}}
,"/home/yolisses/Modulee/modulee-frontend/src/lib/commands/editor/UndoCommand.ts": {"path":"/home/yolisses/Modulee/modulee-frontend/src/lib/commands/editor/UndoCommand.ts","all":false,"statementMap":{"0":{"start":{"line":1,"column":0},"end":{"line":1,"column":52}},"6":{"start":{"line":7,"column":0},"end":{"line":7,"column":48}},"8":{"start":{"line":9,"column":0},"end":{"line":9,"column":4}},"9":{"start":{"line":10,"column":0},"end":{"line":10,"column":19}},"10":{"start":{"line":11,"column":0},"end":{"line":11,"column":17}},"11":{"start":{"line":12,"column":0},"end":{"line":12,"column":2}},"12":{"start":{"line":13,"column":0},"end":{"line":13,"column":29}},"14":{"start":{"line":15,"column":0},"end":{"line":15,"column":36}},"16":{"start":{"line":17,"column":0},"end":{"line":17,"column":70}},"17":{"start":{"line":18,"column":0},"end":{"line":18,"column":73}},"18":{"start":{"line":19,"column":0},"end":{"line":19,"column":37}},"19":{"start":{"line":20,"column":0},"end":{"line":20,"column":41}},"20":{"start":{"line":21,"column":0},"end":{"line":21,"column":42}},"21":{"start":{"line":22,"column":0},"end":{"line":22,"column":2}},"24":{"start":{"line":25,"column":0},"end":{"line":25,"column":67}},"25":{"start":{"line":26,"column":0},"end":{"line":26,"column":44}},"26":{"start":{"line":27,"column":0},"end":{"line":27,"column":2}},"27":{"start":{"line":28,"column":0},"end":{"line":28,"column":1}}},"s":{"0":1,"6":1,"8":1,"9":1,"10":0,"11":0,"12":1,"14":1,"16":1,"17":1,"18":1,"19":1,"20":1,"21":1,"24":1,"25":0,"26":0,"27":1},"branchMap":{"0":{"type":"branch","line":9,"loc":{"start":{"line":9,"column":3},"end":{"line":28,"column":1}},"locations":[{"start":{"line":9,"column":3},"end":{"line":28,"column":1}}]},"1":{"type":"branch","line":9,"loc":{"start":{"line":9,"column":3},"end":{"line":28,"column":1}},"locations":[{"start":{"line":9,"column":3},"end":{"line":28,"column":1}}]},"2":{"type":"branch","line":17,"loc":{"start":{"line":17,"column":1},"end":{"line":22,"column":2}},"locations":[{"start":{"line":17,"column":1},"end":{"line":22,"column":2}}]}},"b":{"0":[1],"1":[1],"2":[1]},"fnMap":{"0":{"name":"<static_initializer>","decl":{"start":{"line":9,"column":3},"end":{"line":28,"column":1}},"loc":{"start":{"line":9,"column":3},"end":{"line":28,"column":1}},"line":9},"1":{"name":"<instance_members_initializer>","decl":{"start":{"line":9,"column":3},"end":{"line":28,"column":1}},"loc":{"start":{"line":9,"column":3},"end":{"line":28,"column":1}},"line":9},"2":{"name":"getName","decl":{"start":{"line":10,"column":8},"end":{"line":12,"column":2}},"loc":{"start":{"line":10,"column":8},"end":{"line":12,"column":2}},"line":10},"3":{"name":"execute","decl":{"start":{"line":17,"column":1},"end":{"line":22,"column":2}},"loc":{"start":{"line":17,"column":1},"end":{"line":22,"column":2}},"line":17},"4":{"name":"undo","decl":{"start":{"line":25,"column":1},"end":{"line":27,"column":2}},"loc":{"start":{"line":25,"column":1},"end":{"line":27,"column":2}},"line":25}},"f":{"0":1,"1":1,"2":0,"3":1,"4":0}}
,"/home/yolisses/Modulee/modulee-frontend/src/lib/commands/externalModule/AddExternalModuleReferenceCommand.ts": {"path":"/home/yolisses/Modulee/modulee-frontend/src/lib/commands/externalModule/AddExternalModuleReferenceCommand.ts","all":false,"statementMap":{"0":{"start":{"line":1,"column":0},"end":{"line":1,"column":81}},"4":{"start":{"line":5,"column":0},"end":{"line":5,"column":70}},"6":{"start":{"line":7,"column":0},"end":{"line":7,"column":4}},"7":{"start":{"line":8,"column":0},"end":{"line":8,"column":51}},"9":{"start":{"line":10,"column":0},"end":{"line":10,"column":46}},"10":{"start":{"line":11,"column":0},"end":{"line":11,"column":51}},"11":{"start":{"line":12,"column":0},"end":{"line":12,"column":70}},"12":{"start":{"line":13,"column":0},"end":{"line":13,"column":2}},"14":{"start":{"line":15,"column":0},"end":{"line":15,"column":43}},"15":{"start":{"line":16,"column":0},"end":{"line":16,"column":86}},"16":{"start":{"line":17,"column":0},"end":{"line":17,"column":2}},"17":{"start":{"line":18,"column":0},"end":{"line":18,"column":1}}},"s":{"0":1,"4":1,"6":1,"7":1,"9":1,"10":1,"11":1,"12":1,"14":1,"15":1,"16":1,"17":1},"branchMap":{"0":{"type":"branch","line":7,"loc":{"start":{"line":7,"column":3},"end":{"line":18,"column":1}},"locations":[{"start":{"line":7,"column":3},"end":{"line":18,"column":1}}]},"1":{"type":"branch","line":10,"loc":{"start":{"line":10,"column":1},"end":{"line":13,"column":2}},"locations":[{"start":{"line":10,"column":1},"end":{"line":13,"column":2}}]},"2":{"type":"branch","line":15,"loc":{"start":{"line":15,"column":1},"end":{"line":17,"column":2}},"locations":[{"start":{"line":15,"column":1},"end":{"line":17,"column":2}}]}},"b":{"0":[1],"1":[1],"2":[1]},"fnMap":{"0":{"name":"<static_initializer>","decl":{"start":{"line":7,"column":3},"end":{"line":18,"column":1}},"loc":{"start":{"line":7,"column":3},"end":{"line":18,"column":1}},"line":7},"1":{"name":"execute","decl":{"start":{"line":10,"column":1},"end":{"line":13,"column":2}},"loc":{"start":{"line":10,"column":1},"end":{"line":13,"column":2}},"line":10},"2":{"name":"undo","decl":{"start":{"line":15,"column":1},"end":{"line":17,"column":2}},"loc":{"start":{"line":15,"column":1},"end":{"line":17,"column":2}},"line":15}},"f":{"0":1,"1":1,"2":1}}
,"/home/yolisses/Modulee/modulee-frontend/src/lib/commands/externalModule/RemoveExternalModuleReferenceCommand.ts": {"path":"/home/yolisses/Modulee/modulee-frontend/src/lib/commands/externalModule/RemoveExternalModuleReferenceCommand.ts","all":false,"statementMap":{"0":{"start":{"line":1,"column":0},"end":{"line":1,"column":81}},"4":{"start":{"line":5,"column":0},"end":{"line":5,"column":73}},"6":{"start":{"line":7,"column":0},"end":{"line":7,"column":4}},"7":{"start":{"line":8,"column":0},"end":{"line":8,"column":54}},"9":{"start":{"line":10,"column":0},"end":{"line":10,"column":35}},"11":{"start":{"line":12,"column":0},"end":{"line":12,"column":46}},"12":{"start":{"line":13,"column":0},"end":{"line":13,"column":53}},"13":{"start":{"line":14,"column":0},"end":{"line":14,"column":94}},"14":{"start":{"line":15,"column":0},"end":{"line":15,"column":2}},"16":{"start":{"line":17,"column":0},"end":{"line":17,"column":43}},"17":{"start":{"line":18,"column":0},"end":{"line":18,"column":59}},"18":{"start":{"line":19,"column":0},"end":{"line":19,"column":2}},"19":{"start":{"line":20,"column":0},"end":{"line":20,"column":1}}},"s":{"0":1,"4":1,"6":1,"7":1,"9":1,"11":1,"12":1,"13":1,"14":1,"16":1,"17":1,"18":1,"19":1},"branchMap":{"0":{"type":"branch","line":7,"loc":{"start":{"line":7,"column":3},"end":{"line":20,"column":1}},"locations":[{"start":{"line":7,"column":3},"end":{"line":20,"column":1}}]},"1":{"type":"branch","line":7,"loc":{"start":{"line":7,"column":3},"end":{"line":20,"column":1}},"locations":[{"start":{"line":7,"column":3},"end":{"line":20,"column":1}}]},"2":{"type":"branch","line":12,"loc":{"start":{"line":12,"column":1},"end":{"line":15,"column":2}},"locations":[{"start":{"line":12,"column":1},"end":{"line":15,"column":2}}]},"3":{"type":"branch","line":17,"loc":{"start":{"line":17,"column":1},"end":{"line":19,"column":2}},"locations":[{"start":{"line":17,"column":1},"end":{"line":19,"column":2}}]}},"b":{"0":[1],"1":[1],"2":[1],"3":[1]},"fnMap":{"0":{"name":"<static_initializer>","decl":{"start":{"line":7,"column":3},"end":{"line":20,"column":1}},"loc":{"start":{"line":7,"column":3},"end":{"line":20,"column":1}},"line":7},"1":{"name":"<instance_members_initializer>","decl":{"start":{"line":7,"column":3},"end":{"line":20,"column":1}},"loc":{"start":{"line":7,"column":3},"end":{"line":20,"column":1}},"line":7},"2":{"name":"execute","decl":{"start":{"line":12,"column":1},"end":{"line":15,"column":2}},"loc":{"start":{"line":12,"column":1},"end":{"line":15,"column":2}},"line":12},"3":{"name":"undo","decl":{"start":{"line":17,"column":1},"end":{"line":19,"column":2}},"loc":{"start":{"line":17,"column":1},"end":{"line":19,"column":2}},"line":17}},"f":{"0":1,"1":1,"2":1,"3":1}}
,"/home/yolisses/Modulee/modulee-frontend/src/lib/commands/internalModule/AddInternalModuleCommand.ts": {"path":"/home/yolisses/Modulee/modulee-frontend/src/lib/commands/internalModule/AddInternalModuleCommand.ts","all":false,"statementMap":{"0":{"start":{"line":1,"column":0},"end":{"line":1,"column":61}},"4":{"start":{"line":5,"column":0},"end":{"line":5,"column":61}},"6":{"start":{"line":7,"column":0},"end":{"line":7,"column":4}},"7":{"start":{"line":8,"column":0},"end":{"line":8,"column":42}},"9":{"start":{"line":10,"column":0},"end":{"line":10,"column":46}},"10":{"start":{"line":11,"column":0},"end":{"line":11,"column":42}},"11":{"start":{"line":12,"column":0},"end":{"line":12,"column":52}},"12":{"start":{"line":13,"column":0},"end":{"line":13,"column":2}},"14":{"start":{"line":15,"column":0},"end":{"line":15,"column":43}},"15":{"start":{"line":16,"column":0},"end":{"line":16,"column":68}},"16":{"start":{"line":17,"column":0},"end":{"line":17,"column":2}},"17":{"start":{"line":18,"column":0},"end":{"line":18,"column":1}}},"s":{"0":1,"4":1,"6":1,"7":2,"9":2,"10":2,"11":2,"12":2,"14":2,"15":2,"16":2,"17":2},"branchMap":{"0":{"type":"branch","line":7,"loc":{"start":{"line":7,"column":3},"end":{"line":18,"column":1}},"locations":[{"start":{"line":7,"column":3},"end":{"line":18,"column":1}}]},"1":{"type":"branch","line":10,"loc":{"start":{"line":10,"column":1},"end":{"line":13,"column":2}},"locations":[{"start":{"line":10,"column":1},"end":{"line":13,"column":2}}]},"2":{"type":"branch","line":15,"loc":{"start":{"line":15,"column":1},"end":{"line":17,"column":2}},"locations":[{"start":{"line":15,"column":1},"end":{"line":17,"column":2}}]}},"b":{"0":[2],"1":[2],"2":[2]},"fnMap":{"0":{"name":"<static_initializer>","decl":{"start":{"line":7,"column":3},"end":{"line":18,"column":1}},"loc":{"start":{"line":7,"column":3},"end":{"line":18,"column":1}},"line":7},"1":{"name":"execute","decl":{"start":{"line":10,"column":1},"end":{"line":13,"column":2}},"loc":{"start":{"line":10,"column":1},"end":{"line":13,"column":2}},"line":10},"2":{"name":"undo","decl":{"start":{"line":15,"column":1},"end":{"line":17,"column":2}},"loc":{"start":{"line":15,"column":1},"end":{"line":17,"column":2}},"line":15}},"f":{"0":2,"1":2,"2":2}}
,"/home/yolisses/Modulee/modulee-frontend/src/lib/commands/internalModule/GroupNodesCommand.ts": {"path":"/home/yolisses/Modulee/modulee-frontend/src/lib/commands/internalModule/GroupNodesCommand.ts","all":false,"statementMap":{"0":{"start":{"line":1,"column":0},"end":{"line":1,"column":61}},"7":{"start":{"line":8,"column":0},"end":{"line":8,"column":54}},"11":{"start":{"line":12,"column":0},"end":{"line":12,"column":4}},"12":{"start":{"line":13,"column":0},"end":{"line":13,"column":53}},"13":{"start":{"line":14,"column":0},"end":{"line":14,"column":52}},"15":{"start":{"line":16,"column":0},"end":{"line":16,"column":46}},"16":{"start":{"line":17,"column":0},"end":{"line":17,"column":67}},"19":{"start":{"line":20,"column":0},"end":{"line":20,"column":63}},"20":{"start":{"line":21,"column":0},"end":{"line":21,"column":39}},"21":{"start":{"line":22,"column":0},"end":{"line":22,"column":4}},"22":{"start":{"line":23,"column":0},"end":{"line":23,"column":55}},"24":{"start":{"line":25,"column":0},"end":{"line":25,"column":38}},"25":{"start":{"line":26,"column":0},"end":{"line":26,"column":54}},"26":{"start":{"line":27,"column":0},"end":{"line":27,"column":39}},"27":{"start":{"line":28,"column":0},"end":{"line":28,"column":76}},"28":{"start":{"line":29,"column":0},"end":{"line":29,"column":50}},"29":{"start":{"line":30,"column":0},"end":{"line":30,"column":4}},"30":{"start":{"line":31,"column":0},"end":{"line":31,"column":5}},"32":{"start":{"line":33,"column":0},"end":{"line":33,"column":42}},"33":{"start":{"line":34,"column":0},"end":{"line":34,"column":2}},"35":{"start":{"line":36,"column":0},"end":{"line":36,"column":43}},"36":{"start":{"line":37,"column":0},"end":{"line":37,"column":52}},"37":{"start":{"line":38,"column":0},"end":{"line":38,"column":58}},"38":{"start":{"line":39,"column":0},"end":{"line":39,"column":54}},"39":{"start":{"line":40,"column":0},"end":{"line":40,"column":80}},"40":{"start":{"line":41,"column":0},"end":{"line":41,"column":34}},"41":{"start":{"line":42,"column":0},"end":{"line":42,"column":57}},"42":{"start":{"line":43,"column":0},"end":{"line":43,"column":4}},"43":{"start":{"line":44,"column":0},"end":{"line":44,"column":5}},"44":{"start":{"line":45,"column":0},"end":{"line":45,"column":2}},"45":{"start":{"line":46,"column":0},"end":{"line":46,"column":1}}},"s":{"0":1,"7":1,"11":1,"12":1,"13":1,"15":1,"16":1,"19":1,"20":1,"21":1,"22":1,"24":1,"25":1,"26":3,"27":2,"28":2,"29":2,"30":1,"32":1,"33":1,"35":1,"36":1,"37":1,"38":1,"39":3,"40":3,"41":2,"42":2,"43":1,"44":1,"45":1},"branchMap":{"0":{"type":"branch","line":12,"loc":{"start":{"line":12,"column":3},"end":{"line":46,"column":1}},"locations":[{"start":{"line":12,"column":3},"end":{"line":46,"column":1}}]},"1":{"type":"branch","line":16,"loc":{"start":{"line":16,"column":1},"end":{"line":34,"column":2}},"locations":[{"start":{"line":16,"column":1},"end":{"line":34,"column":2}}]},"2":{"type":"branch","line":26,"loc":{"start":{"line":26,"column":39},"end":{"line":31,"column":3}},"locations":[{"start":{"line":26,"column":39},"end":{"line":31,"column":3}}]},"3":{"type":"branch","line":27,"loc":{"start":{"line":27,"column":38},"end":{"line":30,"column":4}},"locations":[{"start":{"line":27,"column":38},"end":{"line":30,"column":4}}]},"4":{"type":"branch","line":36,"loc":{"start":{"line":36,"column":1},"end":{"line":45,"column":2}},"locations":[{"start":{"line":36,"column":1},"end":{"line":45,"column":2}}]},"5":{"type":"branch","line":39,"loc":{"start":{"line":39,"column":39},"end":{"line":44,"column":3}},"locations":[{"start":{"line":39,"column":39},"end":{"line":44,"column":3}}]},"6":{"type":"branch","line":41,"loc":{"start":{"line":41,"column":33},"end":{"line":43,"column":4}},"locations":[{"start":{"line":41,"column":33},"end":{"line":43,"column":4}}]}},"b":{"0":[1],"1":[1],"2":[3],"3":[2],"4":[1],"5":[3],"6":[2]},"fnMap":{"0":{"name":"<instance_members_initializer>","decl":{"start":{"line":12,"column":3},"end":{"line":46,"column":1}},"loc":{"start":{"line":12,"column":3},"end":{"line":46,"column":1}},"line":12},"1":{"name":"execute","decl":{"start":{"line":16,"column":1},"end":{"line":34,"column":2}},"loc":{"start":{"line":16,"column":1},"end":{"line":34,"column":2}},"line":16},"2":{"name":"undo","decl":{"start":{"line":36,"column":1},"end":{"line":45,"column":2}},"loc":{"start":{"line":36,"column":1},"end":{"line":45,"column":2}},"line":36}},"f":{"0":1,"1":1,"2":1}}
,"/home/yolisses/Modulee/modulee-frontend/src/lib/commands/internalModule/RemoveInternalModuleCommand.ts": {"path":"/home/yolisses/Modulee/modulee-frontend/src/lib/commands/internalModule/RemoveInternalModuleCommand.ts","all":false,"statementMap":{"0":{"start":{"line":1,"column":0},"end":{"line":1,"column":61}},"4":{"start":{"line":5,"column":0},"end":{"line":5,"column":64}},"6":{"start":{"line":7,"column":0},"end":{"line":7,"column":4}},"7":{"start":{"line":8,"column":0},"end":{"line":8,"column":45}},"9":{"start":{"line":10,"column":0},"end":{"line":10,"column":41}},"11":{"start":{"line":12,"column":0},"end":{"line":12,"column":46}},"12":{"start":{"line":13,"column":0},"end":{"line":13,"column":69}},"13":{"start":{"line":14,"column":0},"end":{"line":14,"column":33}},"14":{"start":{"line":15,"column":0},"end":{"line":15,"column":4}},"15":{"start":{"line":16,"column":0},"end":{"line":16,"column":2}},"17":{"start":{"line":18,"column":0},"end":{"line":18,"column":43}},"18":{"start":{"line":19,"column":0},"end":{"line":19,"column":61}},"19":{"start":{"line":20,"column":0},"end":{"line":20,"column":2}},"20":{"start":{"line":21,"column":0},"end":{"line":21,"column":1}}},"s":{"0":1,"4":1,"6":1,"7":1,"9":1,"11":1,"12":1,"13":1,"14":1,"15":1,"17":1,"18":1,"19":1,"20":1},"branchMap":{"0":{"type":"branch","line":7,"loc":{"start":{"line":7,"column":3},"end":{"line":21,"column":1}},"locations":[{"start":{"line":7,"column":3},"end":{"line":21,"column":1}}]},"1":{"type":"branch","line":7,"loc":{"start":{"line":7,"column":3},"end":{"line":21,"column":1}},"locations":[{"start":{"line":7,"column":3},"end":{"line":21,"column":1}}]},"2":{"type":"branch","line":12,"loc":{"start":{"line":12,"column":1},"end":{"line":16,"column":2}},"locations":[{"start":{"line":12,"column":1},"end":{"line":16,"column":2}}]},"3":{"type":"branch","line":18,"loc":{"start":{"line":18,"column":1},"end":{"line":20,"column":2}},"locations":[{"start":{"line":18,"column":1},"end":{"line":20,"column":2}}]}},"b":{"0":[1],"1":[1],"2":[1],"3":[1]},"fnMap":{"0":{"name":"<static_initializer>","decl":{"start":{"line":7,"column":3},"end":{"line":21,"column":1}},"loc":{"start":{"line":7,"column":3},"end":{"line":21,"column":1}},"line":7},"1":{"name":"<instance_members_initializer>","decl":{"start":{"line":7,"column":3},"end":{"line":21,"column":1}},"loc":{"start":{"line":7,"column":3},"end":{"line":21,"column":1}},"line":7},"2":{"name":"execute","decl":{"start":{"line":12,"column":1},"end":{"line":16,"column":2}},"loc":{"start":{"line":12,"column":1},"end":{"line":16,"column":2}},"line":12},"3":{"name":"undo","decl":{"start":{"line":18,"column":1},"end":{"line":20,"column":2}},"loc":{"start":{"line":18,"column":1},"end":{"line":20,"column":2}},"line":18}},"f":{"0":1,"1":1,"2":1,"3":1}}
,"/home/yolisses/Modulee/modulee-frontend/src/lib/commands/internalModule/RenameInternalModuleCommand.ts": {"path":"/home/yolisses/Modulee/modulee-frontend/src/lib/commands/internalModule/RenameInternalModuleCommand.ts","all":false,"statementMap":{"0":{"start":{"line":1,"column":0},"end":{"line":1,"column":61}},"3":{"start":{"line":4,"column":0},"end":{"line":4,"column":64}},"6":{"start":{"line":7,"column":0},"end":{"line":7,"column":4}},"7":{"start":{"line":8,"column":0},"end":{"line":8,"column":23}},"9":{"start":{"line":10,"column":0},"end":{"line":10,"column":46}},"10":{"start":{"line":11,"column":0},"end":{"line":11,"column":94}},"11":{"start":{"line":12,"column":0},"end":{"line":12,"column":46}},"12":{"start":{"line":13,"column":0},"end":{"line":13,"column":46}},"13":{"start":{"line":14,"column":0},"end":{"line":14,"column":2}},"15":{"start":{"line":16,"column":0},"end":{"line":16,"column":43}},"16":{"start":{"line":17,"column":0},"end":{"line":17,"column":94}},"17":{"start":{"line":18,"column":0},"end":{"line":18,"column":46}},"18":{"start":{"line":19,"column":0},"end":{"line":19,"column":2}},"19":{"start":{"line":20,"column":0},"end":{"line":20,"column":1}}},"s":{"0":1,"3":1,"6":1,"7":1,"9":1,"10":1,"11":1,"12":1,"13":1,"15":1,"16":1,"17":1,"18":1,"19":1},"branchMap":{"0":{"type":"branch","line":7,"loc":{"start":{"line":7,"column":3},"end":{"line":20,"column":1}},"locations":[{"start":{"line":7,"column":3},"end":{"line":20,"column":1}}]},"1":{"type":"branch","line":10,"loc":{"start":{"line":10,"column":1},"end":{"line":14,"column":2}},"locations":[{"start":{"line":10,"column":1},"end":{"line":14,"column":2}}]},"2":{"type":"branch","line":16,"loc":{"start":{"line":16,"column":1},"end":{"line":19,"column":2}},"locations":[{"start":{"line":16,"column":1},"end":{"line":19,"column":2}}]}},"b":{"0":[1],"1":[1],"2":[1]},"fnMap":{"0":{"name":"<instance_members_initializer>","decl":{"start":{"line":7,"column":3},"end":{"line":20,"column":1}},"loc":{"start":{"line":7,"column":3},"end":{"line":20,"column":1}},"line":7},"1":{"name":"execute","decl":{"start":{"line":10,"column":1},"end":{"line":14,"column":2}},"loc":{"start":{"line":10,"column":1},"end":{"line":14,"column":2}},"line":10},"2":{"name":"undo","decl":{"start":{"line":16,"column":1},"end":{"line":19,"column":2}},"loc":{"start":{"line":16,"column":1},"end":{"line":19,"column":2}},"line":16}},"f":{"0":1,"1":1,"2":1}}
,"/home/yolisses/Modulee/modulee-frontend/src/lib/commands/node/AddNodeCommand.ts": {"path":"/home/yolisses/Modulee/modulee-frontend/src/lib/commands/node/AddNodeCommand.ts","all":false,"statementMap":{"0":{"start":{"line":1,"column":0},"end":{"line":1,"column":61}},"4":{"start":{"line":5,"column":0},"end":{"line":5,"column":51}},"6":{"start":{"line":7,"column":0},"end":{"line":7,"column":4}},"7":{"start":{"line":8,"column":0},"end":{"line":8,"column":32}},"9":{"start":{"line":10,"column":0},"end":{"line":10,"column":46}},"10":{"start":{"line":11,"column":0},"end":{"line":11,"column":32}},"11":{"start":{"line":12,"column":0},"end":{"line":12,"column":32}},"12":{"start":{"line":13,"column":0},"end":{"line":13,"column":2}},"14":{"start":{"line":15,"column":0},"end":{"line":15,"column":43}},"15":{"start":{"line":16,"column":0},"end":{"line":16,"column":32}},"16":{"start":{"line":17,"column":0},"end":{"line":17,"column":35}},"17":{"start":{"line":18,"column":0},"end":{"line":18,"column":2}},"18":{"start":{"line":19,"column":0},"end":{"line":19,"column":1}}},"s":{"0":1,"4":1,"6":1,"7":1,"9":1,"10":1,"11":1,"12":1,"14":1,"15":1,"16":1,"17":1,"18":1},"branchMap":{"0":{"type":"branch","line":7,"loc":{"start":{"line":7,"column":3},"end":{"line":19,"column":1}},"locations":[{"start":{"line":7,"column":3},"end":{"line":19,"column":1}}]},"1":{"type":"branch","line":10,"loc":{"start":{"line":10,"column":1},"end":{"line":13,"column":2}},"locations":[{"start":{"line":10,"column":1},"end":{"line":13,"column":2}}]},"2":{"type":"branch","line":15,"loc":{"start":{"line":15,"column":1},"end":{"line":18,"column":2}},"locations":[{"start":{"line":15,"column":1},"end":{"line":18,"column":2}}]}},"b":{"0":[1],"1":[1],"2":[1]},"fnMap":{"0":{"name":"<static_initializer>","decl":{"start":{"line":7,"column":3},"end":{"line":19,"column":1}},"loc":{"start":{"line":7,"column":3},"end":{"line":19,"column":1}},"line":7},"1":{"name":"execute","decl":{"start":{"line":10,"column":1},"end":{"line":13,"column":2}},"loc":{"start":{"line":10,"column":1},"end":{"line":13,"column":2}},"line":10},"2":{"name":"undo","decl":{"start":{"line":15,"column":1},"end":{"line":18,"column":2}},"loc":{"start":{"line":15,"column":1},"end":{"line":18,"column":2}},"line":15}},"f":{"0":1,"1":1,"2":1}}
,"/home/yolisses/Modulee/modulee-frontend/src/lib/commands/node/MoveNodeCommand.ts": {"path":"/home/yolisses/Modulee/modulee-frontend/src/lib/commands/node/MoveNodeCommand.ts","all":false,"statementMap":{"0":{"start":{"line":1,"column":0},"end":{"line":1,"column":61}},"10":{"start":{"line":11,"column":0},"end":{"line":11,"column":76}},"11":{"start":{"line":12,"column":0},"end":{"line":12,"column":46}},"12":{"start":{"line":13,"column":0},"end":{"line":13,"column":41}},"13":{"start":{"line":14,"column":0},"end":{"line":14,"column":47}},"14":{"start":{"line":15,"column":0},"end":{"line":15,"column":54}},"15":{"start":{"line":16,"column":0},"end":{"line":16,"column":69}},"16":{"start":{"line":17,"column":0},"end":{"line":17,"column":2}},"18":{"start":{"line":19,"column":0},"end":{"line":19,"column":43}},"19":{"start":{"line":20,"column":0},"end":{"line":20,"column":41}},"20":{"start":{"line":21,"column":0},"end":{"line":21,"column":47}},"21":{"start":{"line":22,"column":0},"end":{"line":22,"column":54}},"22":{"start":{"line":23,"column":0},"end":{"line":23,"column":74}},"23":{"start":{"line":24,"column":0},"end":{"line":24,"column":2}},"24":{"start":{"line":25,"column":0},"end":{"line":25,"column":1}}},"s":{"0":1,"10":1,"11":1,"12":3,"13":3,"14":3,"15":3,"16":3,"18":1,"19":3,"20":3,"21":3,"22":3,"23":3,"24":1},"branchMap":{"0":{"type":"branch","line":12,"loc":{"start":{"line":12,"column":1},"end":{"line":17,"column":2}},"locations":[{"start":{"line":12,"column":1},"end":{"line":17,"column":2}}]},"1":{"type":"branch","line":19,"loc":{"start":{"line":19,"column":1},"end":{"line":24,"column":2}},"locations":[{"start":{"line":19,"column":1},"end":{"line":24,"column":2}}]}},"b":{"0":[3],"1":[3]},"fnMap":{"0":{"name":"execute","decl":{"start":{"line":12,"column":1},"end":{"line":17,"column":2}},"loc":{"start":{"line":12,"column":1},"end":{"line":17,"column":2}},"line":12},"1":{"name":"undo","decl":{"start":{"line":19,"column":1},"end":{"line":24,"column":2}},"loc":{"start":{"line":19,"column":1},"end":{"line":24,"column":2}},"line":19}},"f":{"0":3,"1":3}}
,"/home/yolisses/Modulee/modulee-frontend/src/lib/commands/node/MoveNodesCommand.ts": {"path":"/home/yolisses/Modulee/modulee-frontend/src/lib/commands/node/MoveNodesCommand.ts","all":false,"statementMap":{"0":{"start":{"line":1,"column":0},"end":{"line":1,"column":61}},"5":{"start":{"line":6,"column":0},"end":{"line":6,"column":53}},"8":{"start":{"line":9,"column":0},"end":{"line":9,"column":4}},"9":{"start":{"line":10,"column":0},"end":{"line":10,"column":30}},"11":{"start":{"line":12,"column":0},"end":{"line":12,"column":46}},"12":{"start":{"line":13,"column":0},"end":{"line":13,"column":56}},"13":{"start":{"line":14,"column":0},"end":{"line":14,"column":31}},"14":{"start":{"line":15,"column":0},"end":{"line":15,"column":28}},"15":{"start":{"line":16,"column":0},"end":{"line":16,"column":51}},"16":{"start":{"line":17,"column":0},"end":{"line":17,"column":29}},"17":{"start":{"line":18,"column":0},"end":{"line":18,"column":5}},"18":{"start":{"line":19,"column":0},"end":{"line":19,"column":38}},"19":{"start":{"line":20,"column":0},"end":{"line":20,"column":34}},"20":{"start":{"line":21,"column":0},"end":{"line":21,"column":5}},"21":{"start":{"line":22,"column":0},"end":{"line":22,"column":2}},"23":{"start":{"line":24,"column":0},"end":{"line":24,"column":43}},"24":{"start":{"line":25,"column":0},"end":{"line":25,"column":38}},"25":{"start":{"line":26,"column":0},"end":{"line":26,"column":31}},"26":{"start":{"line":27,"column":0},"end":{"line":27,"column":5}},"27":{"start":{"line":28,"column":0},"end":{"line":28,"column":2}},"28":{"start":{"line":29,"column":0},"end":{"line":29,"column":1}}},"s":{"0":1,"5":1,"8":1,"9":1,"11":1,"12":1,"13":2,"14":2,"15":2,"16":2,"17":1,"18":1,"19":2,"20":1,"21":1,"23":1,"24":1,"25":2,"26":1,"27":1,"28":1},"branchMap":{"0":{"type":"branch","line":9,"loc":{"start":{"line":9,"column":3},"end":{"line":29,"column":1}},"locations":[{"start":{"line":9,"column":3},"end":{"line":29,"column":1}}]},"1":{"type":"branch","line":12,"loc":{"start":{"line":12,"column":1},"end":{"line":22,"column":2}},"locations":[{"start":{"line":12,"column":1},"end":{"line":22,"column":2}}]},"2":{"type":"branch","line":13,"loc":{"start":{"line":13,"column":43},"end":{"line":18,"column":3}},"locations":[{"start":{"line":13,"column":43},"end":{"line":18,"column":3}}]},"3":{"type":"branch","line":19,"loc":{"start":{"line":19,"column":24},"end":{"line":21,"column":3}},"locations":[{"start":{"line":19,"column":24},"end":{"line":21,"column":3}}]},"4":{"type":"branch","line":24,"loc":{"start":{"line":24,"column":1},"end":{"line":28,"column":2}},"locations":[{"start":{"line":24,"column":1},"end":{"line":28,"column":2}}]},"5":{"type":"branch","line":25,"loc":{"start":{"line":25,"column":24},"end":{"line":27,"column":3}},"locations":[{"start":{"line":25,"column":24},"end":{"line":27,"column":3}}]}},"b":{"0":[1],"1":[1],"2":[2],"3":[2],"4":[1],"5":[2]},"fnMap":{"0":{"name":"<instance_members_initializer>","decl":{"start":{"line":9,"column":3},"end":{"line":29,"column":1}},"loc":{"start":{"line":9,"column":3},"end":{"line":29,"column":1}},"line":9},"1":{"name":"execute","decl":{"start":{"line":12,"column":1},"end":{"line":22,"column":2}},"loc":{"start":{"line":12,"column":1},"end":{"line":22,"column":2}},"line":12},"2":{"name":"undo","decl":{"start":{"line":24,"column":1},"end":{"line":28,"column":2}},"loc":{"start":{"line":24,"column":1},"end":{"line":28,"column":2}},"line":24}},"f":{"0":1,"1":1,"2":1}}
,"/home/yolisses/Modulee/modulee-frontend/src/lib/commands/node/RemoveNodeCommand.ts": {"path":"/home/yolisses/Modulee/modulee-frontend/src/lib/commands/node/RemoveNodeCommand.ts","all":false,"statementMap":{"0":{"start":{"line":1,"column":0},"end":{"line":1,"column":61}},"9":{"start":{"line":10,"column":0},"end":{"line":10,"column":80}},"10":{"start":{"line":11,"column":0},"end":{"line":11,"column":35}},"12":{"start":{"line":13,"column":0},"end":{"line":13,"column":21}},"14":{"start":{"line":15,"column":0},"end":{"line":15,"column":46}},"15":{"start":{"line":16,"column":0},"end":{"line":16,"column":70}},"16":{"start":{"line":17,"column":0},"end":{"line":17,"column":2}},"18":{"start":{"line":19,"column":0},"end":{"line":19,"column":43}},"19":{"start":{"line":20,"column":0},"end":{"line":20,"column":41}},"20":{"start":{"line":21,"column":0},"end":{"line":21,"column":2}},"21":{"start":{"line":22,"column":0},"end":{"line":22,"column":1}}},"s":{"0":1,"9":1,"10":5,"12":5,"14":5,"15":3,"16":3,"18":5,"19":3,"20":3,"21":5},"branchMap":{"0":{"type":"branch","line":10,"loc":{"start":{"line":10,"column":79},"end":{"line":22,"column":1}},"locations":[{"start":{"line":10,"column":79},"end":{"line":22,"column":1}}]},"1":{"type":"branch","line":15,"loc":{"start":{"line":15,"column":1},"end":{"line":17,"column":2}},"locations":[{"start":{"line":15,"column":1},"end":{"line":17,"column":2}}]},"2":{"type":"branch","line":19,"loc":{"start":{"line":19,"column":1},"end":{"line":21,"column":2}},"locations":[{"start":{"line":19,"column":1},"end":{"line":21,"column":2}}]}},"b":{"0":[5],"1":[3],"2":[3]},"fnMap":{"0":{"name":"<static_initializer>","decl":{"start":{"line":10,"column":79},"end":{"line":22,"column":1}},"loc":{"start":{"line":10,"column":79},"end":{"line":22,"column":1}},"line":10},"1":{"name":"execute","decl":{"start":{"line":15,"column":1},"end":{"line":17,"column":2}},"loc":{"start":{"line":15,"column":1},"end":{"line":17,"column":2}},"line":15},"2":{"name":"undo","decl":{"start":{"line":19,"column":1},"end":{"line":21,"column":2}},"loc":{"start":{"line":19,"column":1},"end":{"line":21,"column":2}},"line":19}},"f":{"0":5,"1":3,"2":3}}
,"/home/yolisses/Modulee/modulee-frontend/src/lib/commands/node/RemoveNodesCommand.ts": {"path":"/home/yolisses/Modulee/modulee-frontend/src/lib/commands/node/RemoveNodesCommand.ts","all":false,"statementMap":{"0":{"start":{"line":1,"column":0},"end":{"line":1,"column":61}},"4":{"start":{"line":5,"column":0},"end":{"line":5,"column":55}},"6":{"start":{"line":7,"column":0},"end":{"line":7,"column":4}},"7":{"start":{"line":8,"column":0},"end":{"line":8,"column":32}},"9":{"start":{"line":10,"column":0},"end":{"line":10,"column":46}},"10":{"start":{"line":11,"column":0},"end":{"line":11,"column":56}},"11":{"start":{"line":12,"column":0},"end":{"line":12,"column":33}},"12":{"start":{"line":13,"column":0},"end":{"line":13,"column":30}},"13":{"start":{"line":14,"column":0},"end":{"line":14,"column":24}},"14":{"start":{"line":15,"column":0},"end":{"line":15,"column":31}},"15":{"start":{"line":16,"column":0},"end":{"line":16,"column":5}},"16":{"start":{"line":17,"column":0},"end":{"line":17,"column":38}},"17":{"start":{"line":18,"column":0},"end":{"line":18,"column":34}},"18":{"start":{"line":19,"column":0},"end":{"line":19,"column":5}},"19":{"start":{"line":20,"column":0},"end":{"line":20,"column":2}},"21":{"start":{"line":22,"column":0},"end":{"line":22,"column":43}},"22":{"start":{"line":23,"column":0},"end":{"line":23,"column":38}},"23":{"start":{"line":24,"column":0},"end":{"line":24,"column":31}},"24":{"start":{"line":25,"column":0},"end":{"line":25,"column":5}},"25":{"start":{"line":26,"column":0},"end":{"line":26,"column":2}},"26":{"start":{"line":27,"column":0},"end":{"line":27,"column":1}}},"s":{"0":1,"4":1,"6":1,"7":1,"9":1,"10":1,"11":2,"12":2,"13":2,"14":2,"15":1,"16":1,"17":2,"18":1,"19":1,"21":1,"22":1,"23":2,"24":1,"25":1,"26":1},"branchMap":{"0":{"type":"branch","line":7,"loc":{"start":{"line":7,"column":3},"end":{"line":27,"column":1}},"locations":[{"start":{"line":7,"column":3},"end":{"line":27,"column":1}}]},"1":{"type":"branch","line":10,"loc":{"start":{"line":10,"column":1},"end":{"line":20,"column":2}},"locations":[{"start":{"line":10,"column":1},"end":{"line":20,"column":2}}]},"2":{"type":"branch","line":11,"loc":{"start":{"line":11,"column":43},"end":{"line":16,"column":3}},"locations":[{"start":{"line":11,"column":43},"end":{"line":16,"column":3}}]},"3":{"type":"branch","line":17,"loc":{"start":{"line":17,"column":24},"end":{"line":19,"column":3}},"locations":[{"start":{"line":17,"column":24},"end":{"line":19,"column":3}}]},"4":{"type":"branch","line":22,"loc":{"start":{"line":22,"column":1},"end":{"line":26,"column":2}},"locations":[{"start":{"line":22,"column":1},"end":{"line":26,"column":2}}]},"5":{"type":"branch","line":23,"loc":{"start":{"line":23,"column":24},"end":{"line":25,"column":3}},"locations":[{"start":{"line":23,"column":24},"end":{"line":25,"column":3}}]}},"b":{"0":[1],"1":[1],"2":[2],"3":[2],"4":[1],"5":[2]},"fnMap":{"0":{"name":"<instance_members_initializer>","decl":{"start":{"line":7,"column":3},"end":{"line":27,"column":1}},"loc":{"start":{"line":7,"column":3},"end":{"line":27,"column":1}},"line":7},"1":{"name":"execute","decl":{"start":{"line":10,"column":1},"end":{"line":20,"column":2}},"loc":{"start":{"line":10,"column":1},"end":{"line":20,"column":2}},"line":10},"2":{"name":"undo","decl":{"start":{"line":22,"column":1},"end":{"line":26,"column":2}},"loc":{"start":{"line":22,"column":1},"end":{"line":26,"column":2}},"line":22}},"f":{"0":1,"1":1,"2":1}}
,"/home/yolisses/Modulee/modulee-frontend/src/lib/commands/node/SetConstantNodeValueCommand.ts": {"path":"/home/yolisses/Modulee/modulee-frontend/src/lib/commands/node/SetConstantNodeValueCommand.ts","all":false,"statementMap":{"0":{"start":{"line":1,"column":0},"end":{"line":1,"column":61}},"3":{"start":{"line":4,"column":0},"end":{"line":4,"column":64}},"6":{"start":{"line":7,"column":0},"end":{"line":7,"column":4}},"7":{"start":{"line":8,"column":0},"end":{"line":8,"column":45}},"9":{"start":{"line":10,"column":0},"end":{"line":10,"column":24}},"11":{"start":{"line":12,"column":0},"end":{"line":12,"column":46}},"12":{"start":{"line":13,"column":0},"end":{"line":13,"column":41}},"13":{"start":{"line":14,"column":0},"end":{"line":14,"column":47}},"14":{"start":{"line":15,"column":0},"end":{"line":15,"column":37}},"15":{"start":{"line":16,"column":0},"end":{"line":16,"column":93}},"16":{"start":{"line":17,"column":0},"end":{"line":17,"column":3}},"17":{"start":{"line":18,"column":0},"end":{"line":18,"column":51}},"18":{"start":{"line":19,"column":0},"end":{"line":19,"column":28}},"19":{"start":{"line":20,"column":0},"end":{"line":20,"column":2}},"21":{"start":{"line":22,"column":0},"end":{"line":22,"column":43}},"22":{"start":{"line":23,"column":0},"end":{"line":23,"column":34}},"23":{"start":{"line":24,"column":0},"end":{"line":24,"column":47}},"24":{"start":{"line":25,"column":0},"end":{"line":25,"column":37}},"25":{"start":{"line":26,"column":0},"end":{"line":26,"column":93}},"26":{"start":{"line":27,"column":0},"end":{"line":27,"column":3}},"27":{"start":{"line":28,"column":0},"end":{"line":28,"column":41}},"28":{"start":{"line":29,"column":0},"end":{"line":29,"column":2}},"29":{"start":{"line":30,"column":0},"end":{"line":30,"column":1}}},"s":{"0":1,"3":1,"6":1,"7":1,"9":1,"11":1,"12":2,"13":2,"14":2,"15":1,"16":1,"17":1,"18":1,"19":2,"21":1,"22":1,"23":1,"24":1,"25":0,"26":0,"27":1,"28":1,"29":1},"branchMap":{"0":{"type":"branch","line":7,"loc":{"start":{"line":7,"column":3},"end":{"line":30,"column":1}},"locations":[{"start":{"line":7,"column":3},"end":{"line":30,"column":1}}]},"1":{"type":"branch","line":7,"loc":{"start":{"line":7,"column":3},"end":{"line":30,"column":1}},"locations":[{"start":{"line":7,"column":3},"end":{"line":30,"column":1}}]},"2":{"type":"branch","line":12,"loc":{"start":{"line":12,"column":1},"end":{"line":20,"column":2}},"locations":[{"start":{"line":12,"column":1},"end":{"line":20,"column":2}}]},"3":{"type":"branch","line":15,"loc":{"start":{"line":15,"column":36},"end":{"line":19,"column":28}},"locations":[{"start":{"line":15,"column":36},"end":{"line":19,"column":28}}]},"4":{"type":"branch","line":22,"loc":{"start":{"line":22,"column":1},"end":{"line":29,"column":2}},"locations":[{"start":{"line":22,"column":1},"end":{"line":29,"column":2}}]},"5":{"type":"branch","line":25,"loc":{"start":{"line":25,"column":36},"end":{"line":27,"column":3}},"locations":[{"start":{"line":25,"column":36},"end":{"line":27,"column":3}}]}},"b":{"0":[2],"1":[1],"2":[2],"3":[1],"4":[1],"5":[0]},"fnMap":{"0":{"name":"<instance_members_initializer>","decl":{"start":{"line":7,"column":3},"end":{"line":30,"column":1}},"loc":{"start":{"line":7,"column":3},"end":{"line":30,"column":1}},"line":7},"1":{"name":"<static_initializer>","decl":{"start":{"line":7,"column":3},"end":{"line":30,"column":1}},"loc":{"start":{"line":7,"column":3},"end":{"line":30,"column":1}},"line":7},"2":{"name":"execute","decl":{"start":{"line":12,"column":1},"end":{"line":20,"column":2}},"loc":{"start":{"line":12,"column":1},"end":{"line":20,"column":2}},"line":12},"3":{"name":"undo","decl":{"start":{"line":22,"column":1},"end":{"line":29,"column":2}},"loc":{"start":{"line":22,"column":1},"end":{"line":29,"column":2}},"line":22}},"f":{"0":2,"1":1,"2":2,"3":1}}
,"/home/yolisses/Modulee/modulee-frontend/src/lib/commands/node/SetModuleNodeModuleReferenceCommand.ts": {"path":"/home/yolisses/Modulee/modulee-frontend/src/lib/commands/node/SetModuleNodeModuleReferenceCommand.ts","all":false,"statementMap":{"0":{"start":{"line":1,"column":0},"end":{"line":1,"column":61}},"4":{"start":{"line":5,"column":0},"end":{"line":5,"column":72}},"7":{"start":{"line":8,"column":0},"end":{"line":8,"column":4}},"8":{"start":{"line":9,"column":0},"end":{"line":9,"column":53}},"10":{"start":{"line":11,"column":0},"end":{"line":11,"column":43}},"12":{"start":{"line":13,"column":0},"end":{"line":13,"column":62}},"13":{"start":{"line":14,"column":0},"end":{"line":14,"column":53}},"14":{"start":{"line":15,"column":0},"end":{"line":15,"column":71}},"15":{"start":{"line":16,"column":0},"end":{"line":16,"column":85}},"16":{"start":{"line":17,"column":0},"end":{"line":17,"column":3}},"17":{"start":{"line":18,"column":0},"end":{"line":18,"column":14}},"18":{"start":{"line":19,"column":0},"end":{"line":19,"column":2}},"20":{"start":{"line":21,"column":0},"end":{"line":21,"column":46}},"21":{"start":{"line":22,"column":0},"end":{"line":22,"column":57}},"22":{"start":{"line":23,"column":0},"end":{"line":23,"column":57}},"23":{"start":{"line":24,"column":0},"end":{"line":24,"column":61}},"24":{"start":{"line":25,"column":0},"end":{"line":25,"column":48}},"25":{"start":{"line":26,"column":0},"end":{"line":26,"column":2}},"27":{"start":{"line":28,"column":0},"end":{"line":28,"column":43}},"28":{"start":{"line":29,"column":0},"end":{"line":29,"column":40}},"29":{"start":{"line":30,"column":0},"end":{"line":30,"column":57}},"30":{"start":{"line":31,"column":0},"end":{"line":31,"column":61}},"31":{"start":{"line":32,"column":0},"end":{"line":32,"column":2}},"32":{"start":{"line":33,"column":0},"end":{"line":33,"column":1}}},"s":{"0":1,"4":1,"7":1,"8":1,"10":1,"12":1,"13":3,"14":3,"15":1,"16":1,"17":2,"18":3,"20":1,"21":2,"22":2,"23":2,"24":2,"25":2,"27":1,"28":1,"29":1,"30":1,"31":1,"32":1},"branchMap":{"0":{"type":"branch","line":8,"loc":{"start":{"line":8,"column":3},"end":{"line":33,"column":1}},"locations":[{"start":{"line":8,"column":3},"end":{"line":33,"column":1}}]},"1":{"type":"branch","line":8,"loc":{"start":{"line":8,"column":3},"end":{"line":33,"column":1}},"locations":[{"start":{"line":8,"column":3},"end":{"line":33,"column":1}}]},"2":{"type":"branch","line":13,"loc":{"start":{"line":13,"column":1},"end":{"line":19,"column":2}},"locations":[{"start":{"line":13,"column":1},"end":{"line":19,"column":2}}]},"3":{"type":"branch","line":15,"loc":{"start":{"line":15,"column":20},"end":{"line":15,"column":70}},"locations":[{"start":{"line":15,"column":20},"end":{"line":15,"column":70}}]},"4":{"type":"branch","line":15,"loc":{"start":{"line":15,"column":70},"end":{"line":17,"column":3}},"locations":[{"start":{"line":15,"column":70},"end":{"line":17,"column":3}}]},"5":{"type":"branch","line":17,"loc":{"start":{"line":17,"column":2},"end":{"line":18,"column":14}},"locations":[{"start":{"line":17,"column":2},"end":{"line":18,"column":14}}]},"6":{"type":"branch","line":21,"loc":{"start":{"line":21,"column":1},"end":{"line":26,"column":2}},"locations":[{"start":{"line":21,"column":1},"end":{"line":26,"column":2}}]},"7":{"type":"branch","line":28,"loc":{"start":{"line":28,"column":1},"end":{"line":32,"column":2}},"locations":[{"start":{"line":28,"column":1},"end":{"line":32,"column":2}}]}},"b":{"0":[2],"1":[1],"2":[3],"3":[1],"4":[1],"5":[2],"6":[2],"7":[1]},"fnMap":{"0":{"name":"<instance_members_initializer>","decl":{"start":{"line":8,"column":3},"end":{"line":33,"column":1}},"loc":{"start":{"line":8,"column":3},"end":{"line":33,"column":1}},"line":8},"1":{"name":"<static_initializer>","decl":{"start":{"line":8,"column":3},"end":{"line":33,"column":1}},"loc":{"start":{"line":8,"column":3},"end":{"line":33,"column":1}},"line":8},"2":{"name":"getNode","decl":{"start":{"line":13,"column":1},"end":{"line":19,"column":2}},"loc":{"start":{"line":13,"column":1},"end":{"line":19,"column":2}},"line":13},"3":{"name":"execute","decl":{"start":{"line":21,"column":1},"end":{"line":26,"column":2}},"loc":{"start":{"line":21,"column":1},"end":{"line":26,"column":2}},"line":21},"4":{"name":"undo","decl":{"start":{"line":28,"column":1},"end":{"line":32,"column":2}},"loc":{"start":{"line":28,"column":1},"end":{"line":32,"column":2}},"line":28}},"f":{"0":2,"1":1,"2":3,"3":2,"4":1}}
,"/home/yolisses/Modulee/modulee-frontend/src/lib/commands/test/mockNodeData.ts": {"path":"/home/yolisses/Modulee/modulee-frontend/src/lib/commands/test/mockNodeData.ts","all":false,"statementMap":{"2":{"start":{"line":3,"column":0},"end":{"line":3,"column":70}},"3":{"start":{"line":4,"column":0},"end":{"line":4,"column":44}},"4":{"start":{"line":5,"column":0},"end":{"line":5,"column":1}}},"s":{"2":1,"3":22,"4":22},"branchMap":{"0":{"type":"branch","line":3,"loc":{"start":{"line":3,"column":7},"end":{"line":5,"column":1}},"locations":[{"start":{"line":3,"column":7},"end":{"line":5,"column":1}}]}},"b":{"0":[22]},"fnMap":{"0":{"name":"mockCommandData","decl":{"start":{"line":3,"column":7},"end":{"line":5,"column":1}},"loc":{"start":{"line":3,"column":7},"end":{"line":5,"column":1}},"line":3}},"f":{"0":22}}
,"/home/yolisses/Modulee/modulee-frontend/src/lib/connection/ConnectionItem.svelte": {"path":"/home/yolisses/Modulee/modulee-frontend/src/lib/connection/ConnectionItem.svelte","all":true,"statementMap":{"0":{"start":{"line":1,"column":0},"end":{"line":1,"column":18}},"10":{"start":{"line":11,"column":0},"end":{"line":11,"column":60}},"13":{"start":{"line":14,"column":0},"end":{"line":14,"column":39}},"14":{"start":{"line":15,"column":0},"end":{"line":15,"column":53}},"16":{"start":{"line":17,"column":0},"end":{"line":17,"column":50}},"17":{"start":{"line":18,"column":0},"end":{"line":18,"column":51}},"19":{"start":{"line":20,"column":0},"end":{"line":20,"column":4}},"24":{"start":{"line":25,"column":0},"end":{"line":25,"column":20}},"25":{"start":{"line":26,"column":0},"end":{"line":26,"column":44}},"26":{"start":{"line":27,"column":0},"end":{"line":27,"column":55}},"30":{"start":{"line":31,"column":0},"end":{"line":31,"column":14}},"31":{"start":{"line":32,"column":0},"end":{"line":32,"column":16}}},"s":{"0":0,"10":0,"13":0,"14":0,"16":0,"17":0,"19":0,"24":0,"25":0,"26":0,"30":0,"31":0},"branchMap":{"0":{"type":"branch","line":1,"loc":{"start":{"line":1,"column":0},"end":{"line":39,"column":-641}},"locations":[{"start":{"line":1,"column":0},"end":{"line":39,"column":-641}}]}},"b":{"0":[0]},"fnMap":{"0":{"name":"(empty-report)","decl":{"start":{"line":1,"column":0},"end":{"line":39,"column":-641}},"loc":{"start":{"line":1,"column":0},"end":{"line":39,"column":-641}},"line":1}},"f":{"0":0}}
,"/home/yolisses/Modulee/modulee-frontend/src/lib/connection/PreviewConnectionWire.svelte": {"path":"/home/yolisses/Modulee/modulee-frontend/src/lib/connection/PreviewConnectionWire.svelte","all":true,"statementMap":{"0":{"start":{"line":1,"column":0},"end":{"line":1,"column":18}},"9":{"start":{"line":10,"column":0},"end":{"line":10,"column":40}},"10":{"start":{"line":11,"column":0},"end":{"line":11,"column":64}},"11":{"start":{"line":12,"column":0},"end":{"line":12,"column":42}},"12":{"start":{"line":13,"column":0},"end":{"line":13,"column":56}},"13":{"start":{"line":14,"column":0},"end":{"line":14,"column":38}},"14":{"start":{"line":15,"column":0},"end":{"line":15,"column":78}},"15":{"start":{"line":16,"column":0},"end":{"line":16,"column":37}},"16":{"start":{"line":17,"column":0},"end":{"line":17,"column":4}},"20":{"start":{"line":21,"column":0},"end":{"line":21,"column":52}},"21":{"start":{"line":22,"column":0},"end":{"line":22,"column":21}},"24":{"start":{"line":25,"column":0},"end":{"line":25,"column":67}}},"s":{"0":0,"9":0,"10":0,"11":0,"12":0,"13":0,"14":0,"15":0,"16":0,"20":0,"21":0,"24":0},"branchMap":{"0":{"type":"branch","line":1,"loc":{"start":{"line":1,"column":933},"end":{"line":28,"column":28}},"locations":[{"start":{"line":1,"column":933},"end":{"line":28,"column":28}}]}},"b":{"0":[0]},"fnMap":{"0":{"name":"(empty-report)","decl":{"start":{"line":1,"column":933},"end":{"line":28,"column":28}},"loc":{"start":{"line":1,"column":933},"end":{"line":28,"column":28}},"line":1}},"f":{"0":0}}
,"/home/yolisses/Modulee/modulee-frontend/src/lib/connection/Wire.svelte": {"path":"/home/yolisses/Modulee/modulee-frontend/src/lib/connection/Wire.svelte","all":true,"statementMap":{"0":{"start":{"line":1,"column":0},"end":{"line":1,"column":18}},"9":{"start":{"line":10,"column":0},"end":{"line":10,"column":37}},"10":{"start":{"line":11,"column":0},"end":{"line":11,"column":40}},"11":{"start":{"line":12,"column":0},"end":{"line":12,"column":77}},"14":{"start":{"line":15,"column":0},"end":{"line":15,"column":61}}},"s":{"0":0,"9":0,"10":0,"11":0,"14":0},"branchMap":{"0":{"type":"branch","line":1,"loc":{"start":{"line":1,"column":639},"end":{"line":17,"column":10}},"locations":[{"start":{"line":1,"column":639},"end":{"line":17,"column":10}}]}},"b":{"0":[0]},"fnMap":{"0":{"name":"(empty-report)","decl":{"start":{"line":1,"column":639},"end":{"line":17,"column":10}},"loc":{"start":{"line":1,"column":639},"end":{"line":17,"column":10}},"line":1}},"f":{"0":0}}
,"/home/yolisses/Modulee/modulee-frontend/src/lib/connection/WirePath.svelte": {"path":"/home/yolisses/Modulee/modulee-frontend/src/lib/connection/WirePath.svelte","all":true,"statementMap":{"0":{"start":{"line":1,"column":0},"end":{"line":1,"column":18}},"7":{"start":{"line":8,"column":0},"end":{"line":8,"column":40}},"8":{"start":{"line":9,"column":0},"end":{"line":9,"column":82}},"12":{"start":{"line":13,"column":0},"end":{"line":13,"column":10}},"18":{"start":{"line":19,"column":0},"end":{"line":19,"column":99}}},"s":{"0":0,"7":0,"8":0,"12":0,"18":0},"branchMap":{"0":{"type":"branch","line":1,"loc":{"start":{"line":1,"column":600},"end":{"line":19,"column":99}},"locations":[{"start":{"line":1,"column":600},"end":{"line":19,"column":99}}]}},"b":{"0":[0]},"fnMap":{"0":{"name":"(empty-report)","decl":{"start":{"line":1,"column":600},"end":{"line":19,"column":99}},"loc":{"start":{"line":1,"column":600},"end":{"line":19,"column":99}},"line":1}},"f":{"0":0}}
,"/home/yolisses/Modulee/modulee-frontend/src/lib/connection/WireProps.ts": {"path":"/home/yolisses/Modulee/modulee-frontend/src/lib/connection/WireProps.ts","all":true,"statementMap":{},"s":{},"branchMap":{"0":{"type":"branch","line":1,"loc":{"start":{"line":1,"column":144},"end":{"line":7,"column":1}},"locations":[{"start":{"line":1,"column":144},"end":{"line":7,"column":1}}]}},"b":{"0":[1]},"fnMap":{"0":{"name":"(empty-report)","decl":{"start":{"line":1,"column":144},"end":{"line":7,"column":1}},"loc":{"start":{"line":1,"column":144},"end":{"line":7,"column":1}},"line":1}},"f":{"0":1}}
[...]
,"/home/yolisses/Modulee/modulee-frontend/src/routes/projects/[projectId]/+layout.ts": {"path":"/home/yolisses/Modulee/modulee-frontend/src/routes/projects/[projectId]/+layout.ts","all":true,"statementMap":{"0":{"start":{"line":1,"column":0},"end":{"line":1,"column":103}},"1":{"start":{"line":2,"column":0},"end":{"line":2,"column":75}},"2":{"start":{"line":3,"column":0},"end":{"line":3,"column":38}},"3":{"start":{"line":4,"column":0},"end":{"line":4,"column":43}},"4":{"start":{"line":5,"column":0},"end":{"line":5,"column":0}},"5":{"start":{"line":6,"column":0},"end":{"line":6,"column":55}},"6":{"start":{"line":7,"column":0},"end":{"line":7,"column":30}},"7":{"start":{"line":8,"column":0},"end":{"line":8,"column":52}},"8":{"start":{"line":9,"column":0},"end":{"line":9,"column":39}},"9":{"start":{"line":10,"column":0},"end":{"line":10,"column":68}},"10":{"start":{"line":11,"column":0},"end":{"line":11,"column":0}},"11":{"start":{"line":12,"column":0},"end":{"line":12,"column":20}},"12":{"start":{"line":13,"column":0},"end":{"line":13,"column":47}},"13":{"start":{"line":14,"column":0},"end":{"line":14,"column":2}},"14":{"start":{"line":15,"column":0},"end":{"line":15,"column":0}},"15":{"start":{"line":16,"column":0},"end":{"line":16,"column":66}},"16":{"start":{"line":17,"column":0},"end":{"line":17,"column":46}},"17":{"start":{"line":18,"column":0},"end":{"line":18,"column":0}},"18":{"start":{"line":19,"column":0},"end":{"line":19,"column":78}},"19":{"start":{"line":20,"column":0},"end":{"line":20,"column":58}},"20":{"start":{"line":21,"column":0},"end":{"line":21,"column":3}},"21":{"start":{"line":22,"column":0},"end":{"line":22,"column":28}},"22":{"start":{"line":23,"column":0},"end":{"line":23,"column":76}},"23":{"start":{"line":24,"column":0},"end":{"line":24,"column":0}},"24":{"start":{"line":25,"column":0},"end":{"line":25,"column":45}},"25":{"start":{"line":26,"column":0},"end":{"line":26,"column":2}}},"s":{"0":0,"1":0,"2":0,"3":0,"4":0,"5":0,"6":0,"7":0,"8":0,"9":0,"10":0,"11":0,"12":0,"13":0,"14":0,"15":0,"16":0,"17":0,"18":0,"19":0,"20":0,"21":0,"22":0,"23":0,"24":0,"25":0},"branchMap":{"0":{"type":"branch","line":1,"loc":{"start":{"line":1,"column":0},"end":{"line":26,"column":2}},"locations":[{"start":{"line":1,"column":0},"end":{"line":26,"column":2}}]}},"b":{"0":[0]},"fnMap":{"0":{"name":"(empty-report)","decl":{"start":{"line":1,"column":0},"end":{"line":26,"column":2}},"loc":{"start":{"line":1,"column":0},"end":{"line":26,"column":2}},"line":1}},"f":{"0":0}}
,"/home/yolisses/Modulee/modulee-frontend/src/routes/projects/[projectId]/+page.ts": {"path":"/home/yolisses/Modulee/modulee-frontend/src/routes/projects/[projectId]/+page.ts","all":true,"statementMap":{"0":{"start":{"line":1,"column":0},"end":{"line":1,"column":41}},"1":{"start":{"line":2,"column":0},"end":{"line":2,"column":41}},"2":{"start":{"line":3,"column":0},"end":{"line":3,"column":0}},"3":{"start":{"line":4,"column":0},"end":{"line":4,"column":53}},"4":{"start":{"line":5,"column":0},"end":{"line":5,"column":29}},"5":{"start":{"line":6,"column":0},"end":{"line":6,"column":30}},"6":{"start":{"line":7,"column":0},"end":{"line":7,"column":17}},"7":{"start":{"line":8,"column":0},"end":{"line":8,"column":6}},"8":{"start":{"line":9,"column":0},"end":{"line":9,"column":94}},"9":{"start":{"line":10,"column":0},"end":{"line":10,"column":3}},"10":{"start":{"line":11,"column":0},"end":{"line":11,"column":2}}},"s":{"0":0,"1":0,"2":0,"3":0,"4":0,"5":0,"6":0,"7":0,"8":0,"9":0,"10":0},"branchMap":{"0":{"type":"branch","line":1,"loc":{"start":{"line":1,"column":0},"end":{"line":11,"column":2}},"locations":[{"start":{"line":1,"column":0},"end":{"line":11,"column":2}}]}},"b":{"0":[0]},"fnMap":{"0":{"name":"(empty-report)","decl":{"start":{"line":1,"column":0},"end":{"line":11,"column":2}},"loc":{"start":{"line":1,"column":0},"end":{"line":11,"column":2}},"line":1}},"f":{"0":0}}
,"/home/yolisses/Modulee/modulee-frontend/src/routes/projects/[projectId]/internalModules/+page.ts": {"path":"/home/yolisses/Modulee/modulee-frontend/src/routes/projects/[projectId]/internalModules/+page.ts","all":true,"statementMap":{"0":{"start":{"line":1,"column":0},"end":{"line":1,"column":41}},"1":{"start":{"line":2,"column":0},"end":{"line":2,"column":41}},"2":{"start":{"line":3,"column":0},"end":{"line":3,"column":0}},"3":{"start":{"line":4,"column":0},"end":{"line":4,"column":53}},"4":{"start":{"line":5,"column":0},"end":{"line":5,"column":29}},"5":{"start":{"line":6,"column":0},"end":{"line":6,"column":30}},"6":{"start":{"line":7,"column":0},"end":{"line":7,"column":17}},"7":{"start":{"line":8,"column":0},"end":{"line":8,"column":6}},"8":{"start":{"line":9,"column":0},"end":{"line":9,"column":94}},"9":{"start":{"line":10,"column":0},"end":{"line":10,"column":3}},"10":{"start":{"line":11,"column":0},"end":{"line":11,"column":2}}},"s":{"0":0,"1":0,"2":0,"3":0,"4":0,"5":0,"6":0,"7":0,"8":0,"9":0,"10":0},"branchMap":{"0":{"type":"branch","line":1,"loc":{"start":{"line":1,"column":0},"end":{"line":11,"column":2}},"locations":[{"start":{"line":1,"column":0},"end":{"line":11,"column":2}}]}},"b":{"0":[0]},"fnMap":{"0":{"name":"(empty-report)","decl":{"start":{"line":1,"column":0},"end":{"line":11,"column":2}},"loc":{"start":{"line":1,"column":0},"end":{"line":11,"column":2}},"line":1}},"f":{"0":0}}
,"/home/yolisses/Modulee/modulee-frontend/src/routes/projects/[projectId]/internalModules/[internalModuleId]/+page.svelte": {"path":"/home/yolisses/Modulee/modulee-frontend/src/routes/projects/[projectId]/internalModules/[internalModuleId]/+page.svelte","all":true,"statementMap":{"0":{"start":{"line":1,"column":0},"end":{"line":1,"column":18}},"1":{"start":{"line":2,"column":0},"end":{"line":2,"column":35}},"2":{"start":{"line":3,"column":0},"end":{"line":3,"column":97}},"3":{"start":{"line":4,"column":0},"end":{"line":4,"column":73}},"4":{"start":{"line":5,"column":0},"end":{"line":5,"column":42}},"5":{"start":{"line":6,"column":0},"end":{"line":6,"column":0}},"6":{"start":{"line":7,"column":0},"end":{"line":7,"column":18}},"7":{"start":{"line":8,"column":0},"end":{"line":8,"column":17}},"8":{"start":{"line":9,"column":0},"end":{"line":9,"column":2}},"9":{"start":{"line":10,"column":0},"end":{"line":10,"column":0}},"10":{"start":{"line":11,"column":0},"end":{"line":11,"column":34}},"11":{"start":{"line":12,"column":0},"end":{"line":12,"column":62}},"12":{"start":{"line":13,"column":0},"end":{"line":13,"column":0}},"13":{"start":{"line":14,"column":0},"end":{"line":14,"column":16}},"14":{"start":{"line":15,"column":0},"end":{"line":15,"column":67}},"15":{"start":{"line":16,"column":0},"end":{"line":16,"column":4}},"16":{"start":{"line":17,"column":0},"end":{"line":17,"column":0}},"17":{"start":{"line":18,"column":0},"end":{"line":18,"column":52}},"18":{"start":{"line":19,"column":0},"end":{"line":19,"column":16}},"19":{"start":{"line":20,"column":0},"end":{"line":20,"column":73}},"20":{"start":{"line":21,"column":0},"end":{"line":21,"column":52}},"21":{"start":{"line":22,"column":0},"end":{"line":22,"column":4}},"22":{"start":{"line":23,"column":0},"end":{"line":23,"column":9}}},"s":{"0":0,"1":0,"2":0,"3":0,"4":0,"5":0,"6":0,"7":0,"8":0,"9":0,"10":0,"11":0,"12":0,"13":0,"14":0,"15":0,"16":0,"17":0,"18":0,"19":0,"20":0,"21":0,"22":0},"branchMap":{"0":{"type":"branch","line":1,"loc":{"start":{"line":1,"column":0},"end":{"line":23,"column":9}},"locations":[{"start":{"line":1,"column":0},"end":{"line":23,"column":9}}]}},"b":{"0":[0]},"fnMap":{"0":{"name":"(empty-report)","decl":{"start":{"line":1,"column":0},"end":{"line":23,"column":9}},"loc":{"start":{"line":1,"column":0},"end":{"line":23,"column":9}},"line":1}},"f":{"0":0}}
,"/home/yolisses/Modulee/modulee-frontend/src/routes/projects/[projectId]/internalModules/[internalModuleId]/+page.ts": {"path":"/home/yolisses/Modulee/modulee-frontend/src/routes/projects/[projectId]/internalModules/[internalModuleId]/+page.ts","all":true,"statementMap":{"0":{"start":{"line":1,"column":0},"end":{"line":1,"column":41}},"1":{"start":{"line":2,"column":0},"end":{"line":2,"column":0}},"2":{"start":{"line":3,"column":0},"end":{"line":3,"column":47}},"3":{"start":{"line":4,"column":0},"end":{"line":4,"column":54}},"4":{"start":{"line":5,"column":0},"end":{"line":5,"column":2}}},"s":{"0":0,"1":0,"2":0,"3":0,"4":0},"branchMap":{"0":{"type":"branch","line":1,"loc":{"start":{"line":1,"column":0},"end":{"line":5,"column":2}},"locations":[{"start":{"line":1,"column":0},"end":{"line":5,"column":2}}]}},"b":{"0":[0]},"fnMap":{"0":{"name":"(empty-report)","decl":{"start":{"line":1,"column":0},"end":{"line":5,"column":2}},"loc":{"start":{"line":1,"column":0},"end":{"line":5,"column":2}},"line":1}},"f":{"0":0}}
,"/home/yolisses/Modulee/modulee-frontend/static/engine-processor.js": {"path":"/home/yolisses/Modulee/modulee-frontend/static/engine-processor.js","all":true,"statementMap":{"0":{"start":{"line":1,"column":0},"end":{"line":1,"column":102}},"1":{"start":{"line":2,"column":0},"end":{"line":2,"column":8}},"2":{"start":{"line":3,"column":0},"end":{"line":3,"column":16}},"3":{"start":{"line":4,"column":0},"end":{"line":4,"column":7}},"4":{"start":{"line":5,"column":0},"end":{"line":5,"column":20}},"5":{"start":{"line":6,"column":0},"end":{"line":6,"column":16}},"6":{"start":{"line":7,"column":0},"end":{"line":7,"column":69}},"7":{"start":{"line":8,"column":0},"end":{"line":8,"column":0}},"8":{"start":{"line":9,"column":0},"end":{"line":9,"column":53}},"9":{"start":{"line":10,"column":0},"end":{"line":10,"column":22}},"10":{"start":{"line":11,"column":0},"end":{"line":11,"column":10}},"11":{"start":{"line":12,"column":0},"end":{"line":12,"column":23}},"12":{"start":{"line":13,"column":0},"end":{"line":13,"column":44}},"13":{"start":{"line":14,"column":0},"end":{"line":14,"column":47}},"14":{"start":{"line":15,"column":0},"end":{"line":15,"column":0}},"15":{"start":{"line":16,"column":0},"end":{"line":16,"column":32}},"16":{"start":{"line":17,"column":0},"end":{"line":17,"column":45}},"17":{"start":{"line":18,"column":0},"end":{"line":18,"column":4}},"18":{"start":{"line":19,"column":0},"end":{"line":19,"column":0}},"19":{"start":{"line":20,"column":0},"end":{"line":20,"column":41}},"20":{"start":{"line":21,"column":0},"end":{"line":21,"column":64}},"21":{"start":{"line":22,"column":0},"end":{"line":22,"column":37}},"22":{"start":{"line":23,"column":0},"end":{"line":23,"column":6}},"23":{"start":{"line":24,"column":0},"end":{"line":24,"column":44}},"24":{"start":{"line":25,"column":0},"end":{"line":25,"column":5}},"25":{"start":{"line":26,"column":0},"end":{"line":26,"column":2}},"26":{"start":{"line":27,"column":0},"end":{"line":27,"column":0}},"27":{"start":{"line":28,"column":0},"end":{"line":28,"column":30}},"28":{"start":{"line":29,"column":0},"end":{"line":29,"column":55}},"29":{"start":{"line":30,"column":0},"end":{"line":30,"column":57}},"30":{"start":{"line":31,"column":0},"end":{"line":31,"column":5}},"31":{"start":{"line":32,"column":0},"end":{"line":32,"column":0}},"32":{"start":{"line":33,"column":0},"end":{"line":33,"column":38}},"33":{"start":{"line":34,"column":0},"end":{"line":34,"column":28}},"34":{"start":{"line":35,"column":0},"end":{"line":35,"column":0}},"35":{"start":{"line":36,"column":0},"end":{"line":36,"column":19}},"36":{"start":{"line":37,"column":0},"end":{"line":37,"column":23}},"37":{"start":{"line":38,"column":0},"end":{"line":38,"column":0}},"38":{"start":{"line":39,"column":0},"end":{"line":39,"column":27}},"39":{"start":{"line":40,"column":0},"end":{"line":40,"column":55}},"40":{"start":{"line":41,"column":0},"end":{"line":41,"column":2}},"41":{"start":{"line":42,"column":0},"end":{"line":42,"column":0}},"42":{"start":{"line":43,"column":0},"end":{"line":43,"column":27}},"43":{"start":{"line":44,"column":0},"end":{"line":44,"column":31}},"44":{"start":{"line":45,"column":0},"end":{"line":45,"column":0}},"45":{"start":{"line":46,"column":0},"end":{"line":46,"column":29}},"46":{"start":{"line":47,"column":0},"end":{"line":47,"column":0}},"47":{"start":{"line":48,"column":0},"end":{"line":48,"column":32}},"48":{"start":{"line":49,"column":0},"end":{"line":49,"column":0}},"49":{"start":{"line":50,"column":0},"end":{"line":50,"column":90}},"50":{"start":{"line":51,"column":0},"end":{"line":51,"column":0}},"51":{"start":{"line":52,"column":0},"end":{"line":52,"column":28}},"52":{"start":{"line":53,"column":0},"end":{"line":53,"column":61}},"53":{"start":{"line":54,"column":0},"end":{"line":54,"column":37}},"54":{"start":{"line":55,"column":0},"end":{"line":55,"column":3}},"55":{"start":{"line":56,"column":0},"end":{"line":56,"column":0}},"56":{"start":{"line":57,"column":0},"end":{"line":57,"column":14}},"57":{"start":{"line":58,"column":0},"end":{"line":58,"column":2}},"58":{"start":{"line":59,"column":0},"end":{"line":59,"column":0}},"59":{"start":{"line":60,"column":0},"end":{"line":60,"column":4}},"60":{"start":{"line":61,"column":0},"end":{"line":61,"column":38}},"61":{"start":{"line":62,"column":0},"end":{"line":62,"column":4}},"62":{"start":{"line":63,"column":0},"end":{"line":63,"column":36}},"63":{"start":{"line":64,"column":0},"end":{"line":64,"column":67}},"64":{"start":{"line":65,"column":0},"end":{"line":65,"column":37}},"65":{"start":{"line":66,"column":0},"end":{"line":66,"column":0}},"66":{"start":{"line":67,"column":0},"end":{"line":67,"column":27}},"67":{"start":{"line":68,"column":0},"end":{"line":68,"column":27}},"68":{"start":{"line":69,"column":0},"end":{"line":69,"column":29}},"69":{"start":{"line":70,"column":0},"end":{"line":70,"column":31}},"70":{"start":{"line":71,"column":0},"end":{"line":71,"column":31}},"71":{"start":{"line":72,"column":0},"end":{"line":72,"column":4}},"72":{"start":{"line":73,"column":0},"end":{"line":73,"column":0}},"73":{"start":{"line":74,"column":0},"end":{"line":74,"column":53}},"74":{"start":{"line":75,"column":0},"end":{"line":75,"column":41}},"75":{"start":{"line":76,"column":0},"end":{"line":76,"column":35}},"76":{"start":{"line":77,"column":0},"end":{"line":77,"column":3}},"77":{"start":{"line":78,"column":0},"end":{"line":78,"column":0}},"78":{"start":{"line":79,"column":0},"end":{"line":79,"column":51}},"79":{"start":{"line":80,"column":0},"end":{"line":80,"column":38}},"80":{"start":{"line":81,"column":0},"end":{"line":81,"column":52}},"81":{"start":{"line":82,"column":0},"end":{"line":82,"column":34}},"82":{"start":{"line":83,"column":0},"end":{"line":83,"column":3}},"83":{"start":{"line":84,"column":0},"end":{"line":84,"column":0}},"84":{"start":{"line":85,"column":0},"end":{"line":85,"column":29}},"85":{"start":{"line":86,"column":0},"end":{"line":86,"column":32}},"86":{"start":{"line":87,"column":0},"end":{"line":87,"column":3}},"87":{"start":{"line":88,"column":0},"end":{"line":88,"column":0}},"88":{"start":{"line":89,"column":0},"end":{"line":89,"column":30}},"89":{"start":{"line":90,"column":0},"end":{"line":90,"column":33}},"90":{"start":{"line":91,"column":0},"end":{"line":91,"column":3}},"91":{"start":{"line":92,"column":0},"end":{"line":92,"column":0}},"92":{"start":{"line":93,"column":0},"end":{"line":93,"column":32}},"93":{"start":{"line":94,"column":0},"end":{"line":94,"column":25}},"94":{"start":{"line":95,"column":0},"end":{"line":95,"column":3}},"95":{"start":{"line":96,"column":0},"end":{"line":96,"column":1}},"96":{"start":{"line":97,"column":0},"end":{"line":97,"column":0}},"97":{"start":{"line":98,"column":0},"end":{"line":98,"column":55}}},"s":{"0":0,"1":0,"2":0,"3":0,"4":0,"5":0,"6":0,"7":0,"8":0,"9":0,"10":0,"11":0,"12":0,"13":0,"14":0,"15":0,"16":0,"17":0,"18":0,"19":0,"20":0,"21":0,"22":0,"23":0,"24":0,"25":0,"26":0,"27":0,"28":0,"29":0,"30":0,"31":0,"32":0,"33":0,"34":0,"35":0,"36":0,"37":0,"38":0,"39":0,"40":0,"41":0,"42":0,"43":0,"44":0,"45":0,"46":0,"47":0,"48":0,"49":0,"50":0,"51":0,"52":0,"53":0,"54":0,"55":0,"56":0,"57":0,"58":0,"59":0,"60":0,"61":0,"62":0,"63":0,"64":0,"65":0,"66":0,"67":0,"68":0,"69":0,"70":0,"71":0,"72":0,"73":0,"74":0,"75":0,"76":0,"77":0,"78":0,"79":0,"80":0,"81":0,"82":0,"83":0,"84":0,"85":0,"86":0,"87":0,"88":0,"89":0,"90":0,"91":0,"92":0,"93":0,"94":0,"95":0,"96":0,"97":0},"branchMap":{"0":{"type":"branch","line":1,"loc":{"start":{"line":1,"column":0},"end":{"line":98,"column":55}},"locations":[{"start":{"line":1,"column":0},"end":{"line":98,"column":55}}]}},"b":{"0":[0]},"fnMap":{"0":{"name":"(empty-report)","decl":{"start":{"line":1,"column":0},"end":{"line":98,"column":55}},"loc":{"start":{"line":1,"column":0},"end":{"line":98,"column":55}},"line":1}},"f":{"0":0}}
,"/home/yolisses/Modulee/modulee-frontend/static/random-noise-processor.js": {"path":"/home/yolisses/Modulee/modulee-frontend/static/random-noise-processor.js","all":true,"statementMap":{"0":{"start":{"line":1,"column":0},"end":{"line":1,"column":28}},"1":{"start":{"line":2,"column":0},"end":{"line":2,"column":58}},"2":{"start":{"line":3,"column":0},"end":{"line":3,"column":39}},"3":{"start":{"line":4,"column":0},"end":{"line":4,"column":28}},"4":{"start":{"line":5,"column":0},"end":{"line":5,"column":31}},"5":{"start":{"line":6,"column":0},"end":{"line":6,"column":45}},"6":{"start":{"line":7,"column":0},"end":{"line":7,"column":39}},"7":{"start":{"line":8,"column":0},"end":{"line":8,"column":4}},"8":{"start":{"line":9,"column":0},"end":{"line":9,"column":5}},"9":{"start":{"line":10,"column":0},"end":{"line":10,"column":14}},"10":{"start":{"line":11,"column":0},"end":{"line":11,"column":2}},"11":{"start":{"line":12,"column":0},"end":{"line":12,"column":1}},"12":{"start":{"line":13,"column":0},"end":{"line":13,"column":0}},"13":{"start":{"line":14,"column":0},"end":{"line":14,"column":66}}},"s":{"0":0,"1":0,"2":0,"3":0,"4":0,"5":0,"6":0,"7":0,"8":0,"9":0,"10":0,"11":0,"12":0,"13":0},"branchMap":{"0":{"type":"branch","line":1,"loc":{"start":{"line":1,"column":373},"end":{"line":14,"column":66}},"locations":[{"start":{"line":1,"column":373},"end":{"line":14,"column":66}}]}},"b":{"0":[0]},"fnMap":{"0":{"name":"(empty-report)","decl":{"start":{"line":1,"column":373},"end":{"line":14,"column":66}},"loc":{"start":{"line":1,"column":373},"end":{"line":14,"column":66}},"line":1}},"f":{"0":0}}
,"/home/yolisses/Modulee/modulee-frontend/static/worklet.js": {"path":"/home/yolisses/Modulee/modulee-frontend/static/worklet.js","all":true,"statementMap":{"0":{"start":{"line":1,"column":0},"end":{"line":1,"column":18}},"1":{"start":{"line":2,"column":0},"end":{"line":2,"column":17}},"2":{"start":{"line":3,"column":0},"end":{"line":3,"column":52}},"3":{"start":{"line":4,"column":0},"end":{"line":4,"column":24}},"4":{"start":{"line":5,"column":0},"end":{"line":5,"column":11}},"5":{"start":{"line":6,"column":0},"end":{"line":6,"column":59}},"6":{"start":{"line":7,"column":0},"end":{"line":7,"column":40}},"7":{"start":{"line":8,"column":0},"end":{"line":8,"column":62}},"8":{"start":{"line":9,"column":0},"end":{"line":9,"column":3}},"9":{"start":{"line":10,"column":0},"end":{"line":10,"column":28}},"10":{"start":{"line":11,"column":0},"end":{"line":11,"column":48}},"11":{"start":{"line":12,"column":0},"end":{"line":12,"column":3}},"12":{"start":{"line":13,"column":0},"end":{"line":13,"column":3}},"13":{"start":{"line":14,"column":0},"end":{"line":14,"column":2}}},"s":{"0":0,"1":0,"2":0,"3":0,"4":0,"5":0,"6":0,"7":0,"8":0,"9":0,"10":0,"11":0,"12":0,"13":0},"branchMap":{"0":{"type":"branch","line":1,"loc":{"start":{"line":1,"column":383},"end":{"line":14,"column":2}},"locations":[{"start":{"line":1,"column":383},"end":{"line":14,"column":2}}]}},"b":{"0":[0]},"fnMap":{"0":{"name":"(empty-report)","decl":{"start":{"line":1,"column":383},"end":{"line":14,"column":2}},"loc":{"start":{"line":1,"column":383},"end":{"line":14,"column":2}},"line":1}},"f":{"0":0}}
}
